<?xml version="1.0" ?>
<!DOCTYPE coverage SYSTEM "http://cobertura.sourceforge.net/xml/coverage-04.dtd">
<coverage lines-valid="214"  lines-covered="139"  line-rate="0.6495000000000001"  branches-valid="121"  branches-covered="53"  branch-rate="0.43799999999999994"  timestamp="1457019278761" complexity="0" version="0.1">
<sources>
	<source>/Users/niconicoAO/Documents/GitHub/honokajs</source>
</sources>
<packages>
	<package name="dist"  line-rate="0.6495000000000001"  branch-rate="0.43799999999999994" >
	<classes>
		<class name="honokajs.js"  filename="dist/honokajs.js"  line-rate="0.6495000000000001"  branch-rate="0.43799999999999994" >
		<methods>
			<method name="(anonymous_1)"  hits="1"  signature="()V" >
				<lines><line number="1"  hits="1" /></lines>
			</method>
			<method name="(anonymous_2)"  hits="3"  signature="()V" >
				<lines><line number="16"  hits="3" /></lines>
			</method>
			<method name="(anonymous_3)"  hits="0"  signature="()V" >
				<lines><line number="40"  hits="0" /></lines>
			</method>
			<method name="(anonymous_4)"  hits="0"  signature="()V" >
				<lines><line number="59"  hits="0" /></lines>
			</method>
			<method name="(anonymous_5)"  hits="0"  signature="()V" >
				<lines><line number="75"  hits="0" /></lines>
			</method>
			<method name="(anonymous_6)"  hits="0"  signature="()V" >
				<lines><line number="91"  hits="0" /></lines>
			</method>
			<method name="(anonymous_7)"  hits="0"  signature="()V" >
				<lines><line number="109"  hits="0" /></lines>
			</method>
			<method name="(anonymous_8)"  hits="0"  signature="()V" >
				<lines><line number="113"  hits="0" /></lines>
			</method>
			<method name="(anonymous_9)"  hits="0"  signature="()V" >
				<lines><line number="120"  hits="0" /></lines>
			</method>
			<method name="(anonymous_10)"  hits="9"  signature="()V" >
				<lines><line number="138"  hits="9" /></lines>
			</method>
			<method name="(anonymous_11)"  hits="2"  signature="()V" >
				<lines><line number="148"  hits="2" /></lines>
			</method>
			<method name="(anonymous_12)"  hits="4"  signature="()V" >
				<lines><line number="158"  hits="4" /></lines>
			</method>
			<method name="(anonymous_13)"  hits="2"  signature="()V" >
				<lines><line number="168"  hits="2" /></lines>
			</method>
			<method name="(anonymous_14)"  hits="7"  signature="()V" >
				<lines><line number="178"  hits="7" /></lines>
			</method>
			<method name="(anonymous_15)"  hits="6"  signature="()V" >
				<lines><line number="188"  hits="6" /></lines>
			</method>
			<method name="(anonymous_16)"  hits="6"  signature="()V" >
				<lines><line number="198"  hits="6" /></lines>
			</method>
			<method name="(anonymous_17)"  hits="4"  signature="()V" >
				<lines><line number="208"  hits="4" /></lines>
			</method>
			<method name="(anonymous_18)"  hits="9"  signature="()V" >
				<lines><line number="218"  hits="9" /></lines>
			</method>
			<method name="(anonymous_19)"  hits="3"  signature="()V" >
				<lines><line number="264"  hits="3" /></lines>
			</method>
			<method name="(anonymous_20)"  hits="1"  signature="()V" >
				<lines><line number="288"  hits="1" /></lines>
			</method>
			<method name="(anonymous_21)"  hits="1"  signature="()V" >
				<lines><line number="303"  hits="1" /></lines>
			</method>
			<method name="(anonymous_22)"  hits="1"  signature="()V" >
				<lines><line number="315"  hits="1" /></lines>
			</method>
			<method name="(anonymous_23)"  hits="0"  signature="()V" >
				<lines><line number="335"  hits="0" /></lines>
			</method>
			<method name="(anonymous_24)"  hits="0"  signature="()V" >
				<lines><line number="343"  hits="0" /></lines>
			</method>
			<method name="(anonymous_25)"  hits="1"  signature="()V" >
				<lines><line number="361"  hits="1" /></lines>
			</method>
			<method name="(anonymous_26)"  hits="1"  signature="()V" >
				<lines><line number="376"  hits="1" /></lines>
			</method>
			<method name="(anonymous_27)"  hits="3"  signature="()V" >
				<lines><line number="392"  hits="3" /></lines>
			</method>
			<method name="(anonymous_28)"  hits="2"  signature="()V" >
				<lines><line number="408"  hits="2" /></lines>
			</method>
			<method name="(anonymous_29)"  hits="4"  signature="()V" >
				<lines><line number="425"  hits="4" /></lines>
			</method>
			<method name="(anonymous_30)"  hits="4"  signature="()V" >
				<lines><line number="442"  hits="4" /></lines>
			</method>
			<method name="(anonymous_31)"  hits="5"  signature="()V" >
				<lines><line number="459"  hits="5" /></lines>
			</method>
			<method name="(anonymous_32)"  hits="5"  signature="()V" >
				<lines><line number="476"  hits="5" /></lines>
			</method>
			<method name="(anonymous_33)"  hits="6"  signature="()V" >
				<lines><line number="491"  hits="6" /></lines>
			</method>
			<method name="(anonymous_34)"  hits="5"  signature="()V" >
				<lines><line number="506"  hits="5" /></lines>
			</method>
			<method name="(anonymous_35)"  hits="5"  signature="()V" >
				<lines><line number="521"  hits="5" /></lines>
			</method>
			<method name="(anonymous_36)"  hits="2"  signature="()V" >
				<lines><line number="536"  hits="2" /></lines>
			</method>
			<method name="(anonymous_37)"  hits="0"  signature="()V" >
				<lines><line number="559"  hits="0" /></lines>
			</method>
			<method name="(anonymous_38)"  hits="0"  signature="()V" >
				<lines><line number="571"  hits="0" /></lines>
			</method>
			<method name="(anonymous_39)"  hits="0"  signature="()V" >
				<lines><line number="584"  hits="0" /></lines>
			</method>
			<method name="send"  hits="0"  signature="()V" >
				<lines><line number="593"  hits="0" /></lines>
			</method>
			<method name="(anonymous_41)"  hits="0"  signature="()V" >
				<lines><line number="607"  hits="0" /></lines>
			</method>
			<method name="getAjaxObj"  hits="0"  signature="()V" >
				<lines><line number="620"  hits="0" /></lines>
			</method>
		</methods>
		<lines>
			<line number="1"  hits="1"  branch="false" />
			<line number="11"  hits="1"  branch="true"  condition-coverage="42.857142857142854% (3/7)" />
			<line number="16"  hits="1"  branch="false" />
			<line number="17"  hits="3"  branch="true"  condition-coverage="50% (1/2)" />
			<line number="18"  hits="0"  branch="false" />
			<line number="20"  hits="3"  branch="true"  condition-coverage="50% (1/2)" />
			<line number="21"  hits="0"  branch="false" />
			<line number="23"  hits="3"  branch="false" />
			<line number="29"  hits="1"  branch="true"  condition-coverage="50% (2/4)" />
			<line number="30"  hits="0"  branch="true"  condition-coverage="0% (0/5)" />
			<line number="31"  hits="0"  branch="false" />
			<line number="33"  hits="0"  branch="false" />
			<line number="35"  hits="1"  branch="false" />
			<line number="39"  hits="1"  branch="true"  condition-coverage="50% (2/4)" />
			<line number="40"  hits="0"  branch="false" />
			<line number="41"  hits="0"  branch="false" />
			<line number="45"  hits="1"  branch="false" />
			<line number="59"  hits="1"  branch="false" />
			<line number="61"  hits="0"  branch="false" />
			<line number="62"  hits="0"  branch="true"  condition-coverage="0% (0/2)" />
			<line number="64"  hits="0"  branch="false" />
			<line number="67"  hits="0"  branch="false" />
			<line number="75"  hits="1"  branch="false" />
			<line number="76"  hits="0"  branch="true"  condition-coverage="0% (0/2)" />
			<line number="78"  hits="0"  branch="false" />
			<line number="80"  hits="0"  branch="true"  condition-coverage="0% (0/2)" />
			<line number="82"  hits="0"  branch="false" />
			<line number="84"  hits="0"  branch="false" />
			<line number="91"  hits="1"  branch="false" />
			<line number="92"  hits="0"  branch="true"  condition-coverage="0% (0/2)" />
			<line number="94"  hits="0"  branch="false" />
			<line number="97"  hits="0"  branch="false" />
			<line number="98"  hits="0"  branch="false" />
			<line number="99"  hits="0"  branch="false" />
			<line number="100"  hits="0"  branch="false" />
			<line number="109"  hits="1"  branch="false" />
			<line number="110"  hits="0"  branch="false" />
			<line number="111"  hits="0"  branch="false" />
			<line number="112"  hits="0"  branch="true"  condition-coverage="0% (0/2)" />
			<line number="113"  hits="0"  branch="false" />
			<line number="114"  hits="0"  branch="true"  condition-coverage="0% (0/4)" />
			<line number="115"  hits="0"  branch="false" />
			<line number="116"  hits="0"  branch="false" />
			<line number="120"  hits="0"  branch="false" />
			<line number="121"  hits="0"  branch="false" />
			<line number="124"  hits="0"  branch="false" />
			<line number="125"  hits="0"  branch="false" />
			<line number="138"  hits="1"  branch="false" />
			<line number="141"  hits="9"  branch="false" />
			<line number="148"  hits="1"  branch="false" />
			<line number="149"  hits="2"  branch="false" />
			<line number="158"  hits="1"  branch="false" />
			<line number="159"  hits="4"  branch="false" />
			<line number="168"  hits="1"  branch="false" />
			<line number="169"  hits="2"  branch="false" />
			<line number="178"  hits="1"  branch="false" />
			<line number="179"  hits="7"  branch="false" />
			<line number="188"  hits="1"  branch="false" />
			<line number="189"  hits="6"  branch="false" />
			<line number="198"  hits="1"  branch="false" />
			<line number="199"  hits="6"  branch="false" />
			<line number="208"  hits="1"  branch="false" />
			<line number="209"  hits="4"  branch="false" />
			<line number="218"  hits="1"  branch="false" />
			<line number="220"  hits="9"  branch="true"  condition-coverage="100% (4/4)" />
			<line number="221"  hits="4"  branch="false" />
			<line number="222"  hits="4"  branch="false" />
			<line number="225"  hits="5"  branch="true"  condition-coverage="100% (4/4)" />
			<line number="226"  hits="1"  branch="false" />
			<line number="227"  hits="4"  branch="true"  condition-coverage="50% (2/4)" />
			<line number="228"  hits="0"  branch="false" />
			<line number="229"  hits="4"  branch="true"  condition-coverage="100% (4/4)" />
			<line number="230"  hits="1"  branch="false" />
			<line number="231"  hits="3"  branch="true"  condition-coverage="100% (2/2)" />
			<line number="232"  hits="1"  branch="false" />
			<line number="233"  hits="1"  branch="false" />
			<line number="234"  hits="2"  branch="false" />
			<line number="236"  hits="1"  branch="false" />
			<line number="237"  hits="2"  branch="true"  condition-coverage="50% (1/2)" />
			<line number="238"  hits="0"  branch="false" />
			<line number="239"  hits="0"  branch="false" />
			<line number="240"  hits="0"  branch="false" />
			<line number="241"  hits="2"  branch="true"  condition-coverage="50% (1/2)" />
			<line number="242"  hits="2"  branch="false" />
			<line number="243"  hits="2"  branch="false" />
			<line number="244"  hits="4"  branch="true"  condition-coverage="50% (1/2)" />
			<line number="245"  hits="4"  branch="false" />
			<line number="248"  hits="2"  branch="false" />
			<line number="249"  hits="0"  branch="true"  condition-coverage="0% (0/2)" />
			<line number="250"  hits="0"  branch="false" />
			<line number="251"  hits="0"  branch="true"  condition-coverage="0% (0/2)" />
			<line number="252"  hits="0"  branch="true"  condition-coverage="0% (0/2)" />
			<line number="253"  hits="0"  branch="true"  condition-coverage="0% (0/2)" />
			<line number="254"  hits="0"  branch="false" />
			<line number="264"  hits="1"  branch="false" />
			<line number="265"  hits="3"  branch="false" />
			<line number="266"  hits="3"  branch="false" />
			<line number="267"  hits="3"  branch="false" />
			<line number="268"  hits="3"  branch="true"  condition-coverage="50% (1/2)" />
			<line number="269"  hits="3"  branch="false" />
			<line number="270"  hits="20"  branch="false" />
			<line number="271"  hits="20"  branch="true"  condition-coverage="100% (2/2)" />
			<line number="272"  hits="14"  branch="false" />
			<line number="273"  hits="14"  branch="false" />
			<line number="276"  hits="3"  branch="false" />
			<line number="278"  hits="0"  branch="false" />
			<line number="288"  hits="1"  branch="false" />
			<line number="289"  hits="1"  branch="true"  condition-coverage="50% (1/2)" />
			<line number="290"  hits="1"  branch="false" />
			<line number="291"  hits="5"  branch="false" />
			<line number="293"  hits="1"  branch="false" />
			<line number="303"  hits="1"  branch="false" />
			<line number="304"  hits="1"  branch="false" />
			<line number="305"  hits="1"  branch="false" />
			<line number="306"  hits="1"  branch="false" />
			<line number="315"  hits="1"  branch="false" />
			<line number="316"  hits="1"  branch="false" />
			<line number="317"  hits="1"  branch="false" />
			<line number="318"  hits="3"  branch="true"  condition-coverage="50% (1/2)" />
			<line number="319"  hits="3"  branch="false" />
			<line number="322"  hits="1"  branch="false" />
			<line number="335"  hits="1"  branch="false" />
			<line number="337"  hits="0"  branch="false" />
			<line number="338"  hits="0"  branch="true"  condition-coverage="0% (0/2)" />
			<line number="340"  hits="0"  branch="false" />
			<line number="343"  hits="0"  branch="false" />
			<line number="344"  hits="0"  branch="false" />
			<line number="345"  hits="0"  branch="false" />
			<line number="361"  hits="1"  branch="false" />
			<line number="362"  hits="1"  branch="false" />
			<line number="363"  hits="1"  branch="true"  condition-coverage="50% (1/2)" />
			<line number="364"  hits="1"  branch="false" />
			<line number="366"  hits="0"  branch="false" />
			<line number="376"  hits="1"  branch="false" />
			<line number="377"  hits="1"  branch="false" />
			<line number="378"  hits="1"  branch="true"  condition-coverage="50% (1/2)" />
			<line number="379"  hits="1"  branch="false" />
			<line number="381"  hits="0"  branch="false" />
			<line number="392"  hits="1"  branch="false" />
			<line number="393"  hits="3"  branch="false" />
			<line number="394"  hits="3"  branch="false" />
			<line number="408"  hits="1"  branch="false" />
			<line number="409"  hits="2"  branch="false" />
			<line number="410"  hits="2"  branch="true"  condition-coverage="100% (2/2)" />
			<line number="411"  hits="1"  branch="false" />
			<line number="413"  hits="1"  branch="false" />
			<line number="425"  hits="1"  branch="false" />
			<line number="426"  hits="4"  branch="false" />
			<line number="427"  hits="4"  branch="true"  condition-coverage="100% (2/2)" />
			<line number="428"  hits="3"  branch="false" />
			<line number="430"  hits="1"  branch="false" />
			<line number="442"  hits="1"  branch="false" />
			<line number="443"  hits="4"  branch="false" />
			<line number="444"  hits="4"  branch="true"  condition-coverage="100% (2/2)" />
			<line number="445"  hits="1"  branch="false" />
			<line number="447"  hits="3"  branch="false" />
			<line number="459"  hits="1"  branch="false" />
			<line number="460"  hits="5"  branch="false" />
			<line number="461"  hits="5"  branch="true"  condition-coverage="100% (2/2)" />
			<line number="462"  hits="2"  branch="false" />
			<line number="464"  hits="3"  branch="false" />
			<line number="476"  hits="1"  branch="false" />
			<line number="477"  hits="5"  branch="false" />
			<line number="478"  hits="5"  branch="true"  condition-coverage="100% (2/2)" />
			<line number="479"  hits="1"  branch="false" />
			<line number="481"  hits="4"  branch="false" />
			<line number="491"  hits="1"  branch="false" />
			<line number="492"  hits="6"  branch="false" />
			<line number="493"  hits="6"  branch="true"  condition-coverage="100% (2/2)" />
			<line number="494"  hits="3"  branch="false" />
			<line number="496"  hits="3"  branch="false" />
			<line number="506"  hits="1"  branch="false" />
			<line number="507"  hits="5"  branch="false" />
			<line number="508"  hits="5"  branch="true"  condition-coverage="100% (2/2)" />
			<line number="509"  hits="2"  branch="false" />
			<line number="511"  hits="3"  branch="false" />
			<line number="521"  hits="1"  branch="false" />
			<line number="522"  hits="5"  branch="false" />
			<line number="523"  hits="5"  branch="true"  condition-coverage="100% (2/2)" />
			<line number="524"  hits="1"  branch="false" />
			<line number="526"  hits="4"  branch="false" />
			<line number="536"  hits="1"  branch="false" />
			<line number="537"  hits="2"  branch="false" />
			<line number="538"  hits="2"  branch="true"  condition-coverage="100% (2/2)" />
			<line number="539"  hits="1"  branch="false" />
			<line number="541"  hits="1"  branch="false" />
			<line number="559"  hits="1"  branch="false" />
			<line number="560"  hits="0"  branch="false" />
			<line number="571"  hits="1"  branch="false" />
			<line number="572"  hits="0"  branch="false" />
			<line number="584"  hits="1"  branch="false" />
			<line number="585"  hits="0"  branch="false" />
			<line number="593"  hits="1"  branch="false" />
			<line number="594"  hits="0"  branch="true"  condition-coverage="0% (0/2)" />
			<line number="595"  hits="0"  branch="true"  condition-coverage="0% (0/2)" />
			<line number="596"  hits="0"  branch="false" />
			<line number="597"  hits="0"  branch="false" />
			<line number="598"  hits="0"  branch="false" />
			<line number="599"  hits="0"  branch="false" />
			<line number="600"  hits="0"  branch="true"  condition-coverage="0% (0/2)" />
			<line number="601"  hits="0"  branch="false" />
			<line number="602"  hits="0"  branch="false" />
			<line number="604"  hits="0"  branch="false" />
			<line number="605"  hits="0"  branch="false" />
			<line number="606"  hits="0"  branch="true"  condition-coverage="0% (0/2)" />
			<line number="607"  hits="0"  branch="false" />
			<line number="608"  hits="0"  branch="true"  condition-coverage="0% (0/4)" />
			<line number="609"  hits="0"  branch="false" />
			<line number="610"  hits="0"  branch="true"  condition-coverage="0% (0/5)" />
			<line number="611"  hits="0"  branch="false" />
			<line number="620"  hits="1"  branch="false" />
			<line number="621"  hits="0"  branch="true"  condition-coverage="0% (0/2)" />
			<line number="622"  hits="0"  branch="false" />
			<line number="624"  hits="0"  branch="false" />
		</lines>
		</class>
	</classes>
	</package>
</packages>
</coverage>
