<?xml version="1.0" ?>
<!DOCTYPE coverage SYSTEM "http://cobertura.sourceforge.net/xml/coverage-04.dtd">
<coverage lines-valid="214"  lines-covered="139"  line-rate="0.6495000000000001"  branches-valid="121"  branches-covered="53"  branch-rate="0.43799999999999994"  timestamp="1457021235370" complexity="0" version="0.1">
<sources>
	<source>/Users/niconicoAO/Documents/GitHub/honokajs</source>
</sources>
<packages>
	<package name="dist"  line-rate="0.6495000000000001"  branch-rate="0.43799999999999994" >
	<classes>
		<class name="honokajs.js"  filename="dist/honokajs.js"  line-rate="0.6495000000000001"  branch-rate="0.43799999999999994" >
		<methods>
			<method name="(anonymous_1)"  hits="1"  signature="()V" >
				<lines><line number="1"  hits="1" /></lines>
			</method>
			<method name="(anonymous_2)"  hits="3"  signature="()V" >
				<lines><line number="16"  hits="3" /></lines>
			</method>
			<method name="(anonymous_3)"  hits="0"  signature="()V" >
				<lines><line number="40"  hits="0" /></lines>
			</method>
			<method name="(anonymous_4)"  hits="0"  signature="()V" >
				<lines><line number="59"  hits="0" /></lines>
			</method>
			<method name="(anonymous_5)"  hits="0"  signature="()V" >
				<lines><line number="77"  hits="0" /></lines>
			</method>
			<method name="(anonymous_6)"  hits="0"  signature="()V" >
				<lines><line number="95"  hits="0" /></lines>
			</method>
			<method name="(anonymous_7)"  hits="0"  signature="()V" >
				<lines><line number="115"  hits="0" /></lines>
			</method>
			<method name="(anonymous_8)"  hits="0"  signature="()V" >
				<lines><line number="119"  hits="0" /></lines>
			</method>
			<method name="(anonymous_9)"  hits="0"  signature="()V" >
				<lines><line number="126"  hits="0" /></lines>
			</method>
			<method name="(anonymous_10)"  hits="9"  signature="()V" >
				<lines><line number="146"  hits="9" /></lines>
			</method>
			<method name="(anonymous_11)"  hits="2"  signature="()V" >
				<lines><line number="158"  hits="2" /></lines>
			</method>
			<method name="(anonymous_12)"  hits="4"  signature="()V" >
				<lines><line number="168"  hits="4" /></lines>
			</method>
			<method name="(anonymous_13)"  hits="2"  signature="()V" >
				<lines><line number="178"  hits="2" /></lines>
			</method>
			<method name="(anonymous_14)"  hits="7"  signature="()V" >
				<lines><line number="188"  hits="7" /></lines>
			</method>
			<method name="(anonymous_15)"  hits="6"  signature="()V" >
				<lines><line number="198"  hits="6" /></lines>
			</method>
			<method name="(anonymous_16)"  hits="6"  signature="()V" >
				<lines><line number="208"  hits="6" /></lines>
			</method>
			<method name="(anonymous_17)"  hits="4"  signature="()V" >
				<lines><line number="218"  hits="4" /></lines>
			</method>
			<method name="(anonymous_18)"  hits="9"  signature="()V" >
				<lines><line number="228"  hits="9" /></lines>
			</method>
			<method name="(anonymous_19)"  hits="3"  signature="()V" >
				<lines><line number="274"  hits="3" /></lines>
			</method>
			<method name="(anonymous_20)"  hits="1"  signature="()V" >
				<lines><line number="298"  hits="1" /></lines>
			</method>
			<method name="(anonymous_21)"  hits="1"  signature="()V" >
				<lines><line number="313"  hits="1" /></lines>
			</method>
			<method name="(anonymous_22)"  hits="1"  signature="()V" >
				<lines><line number="325"  hits="1" /></lines>
			</method>
			<method name="(anonymous_23)"  hits="0"  signature="()V" >
				<lines><line number="346"  hits="0" /></lines>
			</method>
			<method name="(anonymous_24)"  hits="0"  signature="()V" >
				<lines><line number="354"  hits="0" /></lines>
			</method>
			<method name="(anonymous_25)"  hits="1"  signature="()V" >
				<lines><line number="372"  hits="1" /></lines>
			</method>
			<method name="(anonymous_26)"  hits="1"  signature="()V" >
				<lines><line number="387"  hits="1" /></lines>
			</method>
			<method name="(anonymous_27)"  hits="3"  signature="()V" >
				<lines><line number="403"  hits="3" /></lines>
			</method>
			<method name="(anonymous_28)"  hits="2"  signature="()V" >
				<lines><line number="419"  hits="2" /></lines>
			</method>
			<method name="(anonymous_29)"  hits="4"  signature="()V" >
				<lines><line number="436"  hits="4" /></lines>
			</method>
			<method name="(anonymous_30)"  hits="4"  signature="()V" >
				<lines><line number="453"  hits="4" /></lines>
			</method>
			<method name="(anonymous_31)"  hits="5"  signature="()V" >
				<lines><line number="470"  hits="5" /></lines>
			</method>
			<method name="(anonymous_32)"  hits="5"  signature="()V" >
				<lines><line number="487"  hits="5" /></lines>
			</method>
			<method name="(anonymous_33)"  hits="6"  signature="()V" >
				<lines><line number="502"  hits="6" /></lines>
			</method>
			<method name="(anonymous_34)"  hits="5"  signature="()V" >
				<lines><line number="517"  hits="5" /></lines>
			</method>
			<method name="(anonymous_35)"  hits="5"  signature="()V" >
				<lines><line number="532"  hits="5" /></lines>
			</method>
			<method name="(anonymous_36)"  hits="2"  signature="()V" >
				<lines><line number="547"  hits="2" /></lines>
			</method>
			<method name="(anonymous_37)"  hits="0"  signature="()V" >
				<lines><line number="572"  hits="0" /></lines>
			</method>
			<method name="(anonymous_38)"  hits="0"  signature="()V" >
				<lines><line number="586"  hits="0" /></lines>
			</method>
			<method name="(anonymous_39)"  hits="0"  signature="()V" >
				<lines><line number="601"  hits="0" /></lines>
			</method>
			<method name="send"  hits="0"  signature="()V" >
				<lines><line number="610"  hits="0" /></lines>
			</method>
			<method name="(anonymous_41)"  hits="0"  signature="()V" >
				<lines><line number="624"  hits="0" /></lines>
			</method>
			<method name="getAjaxObj"  hits="0"  signature="()V" >
				<lines><line number="637"  hits="0" /></lines>
			</method>
		</methods>
		<lines>
			<line number="1"  hits="1"  branch="false" />
			<line number="11"  hits="1"  branch="true"  condition-coverage="42.857142857142854% (3/7)" />
			<line number="16"  hits="1"  branch="false" />
			<line number="17"  hits="3"  branch="true"  condition-coverage="50% (1/2)" />
			<line number="18"  hits="0"  branch="false" />
			<line number="20"  hits="3"  branch="true"  condition-coverage="50% (1/2)" />
			<line number="21"  hits="0"  branch="false" />
			<line number="23"  hits="3"  branch="false" />
			<line number="29"  hits="1"  branch="true"  condition-coverage="50% (2/4)" />
			<line number="30"  hits="0"  branch="true"  condition-coverage="0% (0/5)" />
			<line number="31"  hits="0"  branch="false" />
			<line number="33"  hits="0"  branch="false" />
			<line number="35"  hits="1"  branch="false" />
			<line number="39"  hits="1"  branch="true"  condition-coverage="50% (2/4)" />
			<line number="40"  hits="0"  branch="false" />
			<line number="41"  hits="0"  branch="false" />
			<line number="45"  hits="1"  branch="false" />
			<line number="59"  hits="1"  branch="false" />
			<line number="61"  hits="0"  branch="false" />
			<line number="62"  hits="0"  branch="true"  condition-coverage="0% (0/2)" />
			<line number="64"  hits="0"  branch="false" />
			<line number="67"  hits="0"  branch="false" />
			<line number="77"  hits="1"  branch="false" />
			<line number="78"  hits="0"  branch="true"  condition-coverage="0% (0/2)" />
			<line number="80"  hits="0"  branch="false" />
			<line number="82"  hits="0"  branch="true"  condition-coverage="0% (0/2)" />
			<line number="84"  hits="0"  branch="false" />
			<line number="86"  hits="0"  branch="false" />
			<line number="95"  hits="1"  branch="false" />
			<line number="96"  hits="0"  branch="true"  condition-coverage="0% (0/2)" />
			<line number="98"  hits="0"  branch="false" />
			<line number="101"  hits="0"  branch="false" />
			<line number="102"  hits="0"  branch="false" />
			<line number="103"  hits="0"  branch="false" />
			<line number="104"  hits="0"  branch="false" />
			<line number="115"  hits="1"  branch="false" />
			<line number="116"  hits="0"  branch="false" />
			<line number="117"  hits="0"  branch="false" />
			<line number="118"  hits="0"  branch="true"  condition-coverage="0% (0/2)" />
			<line number="119"  hits="0"  branch="false" />
			<line number="120"  hits="0"  branch="true"  condition-coverage="0% (0/4)" />
			<line number="121"  hits="0"  branch="false" />
			<line number="122"  hits="0"  branch="false" />
			<line number="126"  hits="0"  branch="false" />
			<line number="127"  hits="0"  branch="false" />
			<line number="130"  hits="0"  branch="false" />
			<line number="131"  hits="0"  branch="false" />
			<line number="146"  hits="1"  branch="false" />
			<line number="149"  hits="9"  branch="false" />
			<line number="158"  hits="1"  branch="false" />
			<line number="159"  hits="2"  branch="false" />
			<line number="168"  hits="1"  branch="false" />
			<line number="169"  hits="4"  branch="false" />
			<line number="178"  hits="1"  branch="false" />
			<line number="179"  hits="2"  branch="false" />
			<line number="188"  hits="1"  branch="false" />
			<line number="189"  hits="7"  branch="false" />
			<line number="198"  hits="1"  branch="false" />
			<line number="199"  hits="6"  branch="false" />
			<line number="208"  hits="1"  branch="false" />
			<line number="209"  hits="6"  branch="false" />
			<line number="218"  hits="1"  branch="false" />
			<line number="219"  hits="4"  branch="false" />
			<line number="228"  hits="1"  branch="false" />
			<line number="230"  hits="9"  branch="true"  condition-coverage="100% (4/4)" />
			<line number="231"  hits="4"  branch="false" />
			<line number="232"  hits="4"  branch="false" />
			<line number="235"  hits="5"  branch="true"  condition-coverage="100% (4/4)" />
			<line number="236"  hits="1"  branch="false" />
			<line number="237"  hits="4"  branch="true"  condition-coverage="50% (2/4)" />
			<line number="238"  hits="0"  branch="false" />
			<line number="239"  hits="4"  branch="true"  condition-coverage="100% (4/4)" />
			<line number="240"  hits="1"  branch="false" />
			<line number="241"  hits="3"  branch="true"  condition-coverage="100% (2/2)" />
			<line number="242"  hits="1"  branch="false" />
			<line number="243"  hits="1"  branch="false" />
			<line number="244"  hits="2"  branch="false" />
			<line number="246"  hits="1"  branch="false" />
			<line number="247"  hits="2"  branch="true"  condition-coverage="50% (1/2)" />
			<line number="248"  hits="0"  branch="false" />
			<line number="249"  hits="0"  branch="false" />
			<line number="250"  hits="0"  branch="false" />
			<line number="251"  hits="2"  branch="true"  condition-coverage="50% (1/2)" />
			<line number="252"  hits="2"  branch="false" />
			<line number="253"  hits="2"  branch="false" />
			<line number="254"  hits="4"  branch="true"  condition-coverage="50% (1/2)" />
			<line number="255"  hits="4"  branch="false" />
			<line number="258"  hits="2"  branch="false" />
			<line number="259"  hits="0"  branch="true"  condition-coverage="0% (0/2)" />
			<line number="260"  hits="0"  branch="false" />
			<line number="261"  hits="0"  branch="true"  condition-coverage="0% (0/2)" />
			<line number="262"  hits="0"  branch="true"  condition-coverage="0% (0/2)" />
			<line number="263"  hits="0"  branch="true"  condition-coverage="0% (0/2)" />
			<line number="264"  hits="0"  branch="false" />
			<line number="274"  hits="1"  branch="false" />
			<line number="275"  hits="3"  branch="false" />
			<line number="276"  hits="3"  branch="false" />
			<line number="277"  hits="3"  branch="false" />
			<line number="278"  hits="3"  branch="true"  condition-coverage="50% (1/2)" />
			<line number="279"  hits="3"  branch="false" />
			<line number="280"  hits="20"  branch="false" />
			<line number="281"  hits="20"  branch="true"  condition-coverage="100% (2/2)" />
			<line number="282"  hits="14"  branch="false" />
			<line number="283"  hits="14"  branch="false" />
			<line number="286"  hits="3"  branch="false" />
			<line number="288"  hits="0"  branch="false" />
			<line number="298"  hits="1"  branch="false" />
			<line number="299"  hits="1"  branch="true"  condition-coverage="50% (1/2)" />
			<line number="300"  hits="1"  branch="false" />
			<line number="301"  hits="5"  branch="false" />
			<line number="303"  hits="1"  branch="false" />
			<line number="313"  hits="1"  branch="false" />
			<line number="314"  hits="1"  branch="false" />
			<line number="315"  hits="1"  branch="false" />
			<line number="316"  hits="1"  branch="false" />
			<line number="325"  hits="1"  branch="false" />
			<line number="326"  hits="1"  branch="false" />
			<line number="327"  hits="1"  branch="false" />
			<line number="328"  hits="3"  branch="true"  condition-coverage="50% (1/2)" />
			<line number="329"  hits="3"  branch="false" />
			<line number="332"  hits="1"  branch="false" />
			<line number="346"  hits="1"  branch="false" />
			<line number="348"  hits="0"  branch="false" />
			<line number="349"  hits="0"  branch="true"  condition-coverage="0% (0/2)" />
			<line number="351"  hits="0"  branch="false" />
			<line number="354"  hits="0"  branch="false" />
			<line number="355"  hits="0"  branch="false" />
			<line number="356"  hits="0"  branch="false" />
			<line number="372"  hits="1"  branch="false" />
			<line number="373"  hits="1"  branch="false" />
			<line number="374"  hits="1"  branch="true"  condition-coverage="50% (1/2)" />
			<line number="375"  hits="1"  branch="false" />
			<line number="377"  hits="0"  branch="false" />
			<line number="387"  hits="1"  branch="false" />
			<line number="388"  hits="1"  branch="false" />
			<line number="389"  hits="1"  branch="true"  condition-coverage="50% (1/2)" />
			<line number="390"  hits="1"  branch="false" />
			<line number="392"  hits="0"  branch="false" />
			<line number="403"  hits="1"  branch="false" />
			<line number="404"  hits="3"  branch="false" />
			<line number="405"  hits="3"  branch="false" />
			<line number="419"  hits="1"  branch="false" />
			<line number="420"  hits="2"  branch="false" />
			<line number="421"  hits="2"  branch="true"  condition-coverage="100% (2/2)" />
			<line number="422"  hits="1"  branch="false" />
			<line number="424"  hits="1"  branch="false" />
			<line number="436"  hits="1"  branch="false" />
			<line number="437"  hits="4"  branch="false" />
			<line number="438"  hits="4"  branch="true"  condition-coverage="100% (2/2)" />
			<line number="439"  hits="3"  branch="false" />
			<line number="441"  hits="1"  branch="false" />
			<line number="453"  hits="1"  branch="false" />
			<line number="454"  hits="4"  branch="false" />
			<line number="455"  hits="4"  branch="true"  condition-coverage="100% (2/2)" />
			<line number="456"  hits="1"  branch="false" />
			<line number="458"  hits="3"  branch="false" />
			<line number="470"  hits="1"  branch="false" />
			<line number="471"  hits="5"  branch="false" />
			<line number="472"  hits="5"  branch="true"  condition-coverage="100% (2/2)" />
			<line number="473"  hits="2"  branch="false" />
			<line number="475"  hits="3"  branch="false" />
			<line number="487"  hits="1"  branch="false" />
			<line number="488"  hits="5"  branch="false" />
			<line number="489"  hits="5"  branch="true"  condition-coverage="100% (2/2)" />
			<line number="490"  hits="1"  branch="false" />
			<line number="492"  hits="4"  branch="false" />
			<line number="502"  hits="1"  branch="false" />
			<line number="503"  hits="6"  branch="false" />
			<line number="504"  hits="6"  branch="true"  condition-coverage="100% (2/2)" />
			<line number="505"  hits="3"  branch="false" />
			<line number="507"  hits="3"  branch="false" />
			<line number="517"  hits="1"  branch="false" />
			<line number="518"  hits="5"  branch="false" />
			<line number="519"  hits="5"  branch="true"  condition-coverage="100% (2/2)" />
			<line number="520"  hits="2"  branch="false" />
			<line number="522"  hits="3"  branch="false" />
			<line number="532"  hits="1"  branch="false" />
			<line number="533"  hits="5"  branch="false" />
			<line number="534"  hits="5"  branch="true"  condition-coverage="100% (2/2)" />
			<line number="535"  hits="1"  branch="false" />
			<line number="537"  hits="4"  branch="false" />
			<line number="547"  hits="1"  branch="false" />
			<line number="548"  hits="2"  branch="false" />
			<line number="549"  hits="2"  branch="true"  condition-coverage="100% (2/2)" />
			<line number="550"  hits="1"  branch="false" />
			<line number="552"  hits="1"  branch="false" />
			<line number="572"  hits="1"  branch="false" />
			<line number="573"  hits="0"  branch="false" />
			<line number="586"  hits="1"  branch="false" />
			<line number="587"  hits="0"  branch="false" />
			<line number="601"  hits="1"  branch="false" />
			<line number="602"  hits="0"  branch="false" />
			<line number="610"  hits="1"  branch="false" />
			<line number="611"  hits="0"  branch="true"  condition-coverage="0% (0/2)" />
			<line number="612"  hits="0"  branch="true"  condition-coverage="0% (0/2)" />
			<line number="613"  hits="0"  branch="false" />
			<line number="614"  hits="0"  branch="false" />
			<line number="615"  hits="0"  branch="false" />
			<line number="616"  hits="0"  branch="false" />
			<line number="617"  hits="0"  branch="true"  condition-coverage="0% (0/2)" />
			<line number="618"  hits="0"  branch="false" />
			<line number="619"  hits="0"  branch="false" />
			<line number="621"  hits="0"  branch="false" />
			<line number="622"  hits="0"  branch="false" />
			<line number="623"  hits="0"  branch="true"  condition-coverage="0% (0/2)" />
			<line number="624"  hits="0"  branch="false" />
			<line number="625"  hits="0"  branch="true"  condition-coverage="0% (0/4)" />
			<line number="626"  hits="0"  branch="false" />
			<line number="627"  hits="0"  branch="true"  condition-coverage="0% (0/5)" />
			<line number="628"  hits="0"  branch="false" />
			<line number="637"  hits="1"  branch="false" />
			<line number="638"  hits="0"  branch="true"  condition-coverage="0% (0/2)" />
			<line number="639"  hits="0"  branch="false" />
			<line number="641"  hits="0"  branch="false" />
		</lines>
		</class>
	</classes>
	</package>
</packages>
</coverage>
