{"dist/honokajs.js":{"path":"dist/honokajs.js","s":{"1":1,"2":1,"3":1,"4":3,"5":0,"6":3,"7":0,"8":3,"9":1,"10":0,"11":0,"12":0,"13":1,"14":1,"15":0,"16":0,"17":1,"18":1,"19":0,"20":0,"21":0,"22":0,"23":1,"24":0,"25":0,"26":0,"27":0,"28":0,"29":1,"30":0,"31":0,"32":0,"33":0,"34":0,"35":0,"36":1,"37":0,"38":0,"39":0,"40":0,"41":0,"42":0,"43":0,"44":0,"45":0,"46":0,"47":0,"48":1,"49":9,"50":1,"51":2,"52":1,"53":4,"54":1,"55":2,"56":1,"57":7,"58":1,"59":6,"60":1,"61":6,"62":1,"63":4,"64":1,"65":9,"66":4,"67":4,"68":5,"69":1,"70":4,"71":0,"72":4,"73":1,"74":3,"75":1,"76":1,"77":2,"78":1,"79":2,"80":0,"81":0,"82":0,"83":2,"84":2,"85":2,"86":4,"87":4,"88":2,"89":0,"90":0,"91":0,"92":0,"93":0,"94":0,"95":1,"96":3,"97":3,"98":3,"99":3,"100":3,"101":20,"102":20,"103":14,"104":14,"105":3,"106":0,"107":1,"108":1,"109":1,"110":5,"111":1,"112":1,"113":1,"114":1,"115":1,"116":1,"117":1,"118":1,"119":3,"120":3,"121":1,"122":1,"123":0,"124":0,"125":0,"126":0,"127":0,"128":0,"129":1,"130":1,"131":1,"132":1,"133":0,"134":1,"135":1,"136":1,"137":1,"138":0,"139":1,"140":3,"141":3,"142":1,"143":2,"144":2,"145":1,"146":1,"147":1,"148":4,"149":4,"150":3,"151":1,"152":1,"153":4,"154":4,"155":1,"156":3,"157":1,"158":5,"159":5,"160":2,"161":3,"162":1,"163":5,"164":5,"165":1,"166":4,"167":1,"168":6,"169":6,"170":3,"171":3,"172":1,"173":5,"174":5,"175":2,"176":3,"177":1,"178":5,"179":5,"180":1,"181":4,"182":1,"183":2,"184":2,"185":1,"186":1,"187":1,"188":0,"189":1,"190":0,"191":1,"192":0,"193":1,"194":0,"195":0,"196":0,"197":0,"198":0,"199":0,"200":0,"201":0,"202":0,"203":0,"204":0,"205":0,"206":0,"207":0,"208":0,"209":0,"210":0,"211":1,"212":0,"213":0,"214":0},"b":{"1":[1,1,1,0,0,0,0],"2":[0,3],"3":[0,3],"4":[0,1],"5":[1,0],"6":[0,0],"7":[0,0,0],"8":[0,1],"9":[1,0],"10":[0,0],"11":[0,0],"12":[0,0],"13":[0,0],"14":[0,0],"15":[0,0],"16":[0,0],"17":[4,5],"18":[9,9],"19":[1,4],"20":[5,1],"21":[0,4],"22":[4,0],"23":[1,3],"24":[4,1],"25":[1,2],"26":[0,2],"27":[2,0],"28":[4,0],"29":[0,0],"30":[0,0],"31":[0,0],"32":[0,0],"33":[3,0],"34":[14,6],"35":[1,0],"36":[3,0],"37":[0,0],"38":[1,0],"39":[1,0],"40":[1,1],"41":[3,1],"42":[1,3],"43":[2,3],"44":[1,4],"45":[3,3],"46":[2,3],"47":[1,4],"48":[1,1],"49":[0,0],"50":[0,0],"51":[0,0],"52":[0,0],"53":[0,0],"54":[0,0],"55":[0,0],"56":[0,0,0],"57":[0,0]},"f":{"1":1,"2":3,"3":0,"4":0,"5":0,"6":0,"7":0,"8":0,"9":0,"10":9,"11":2,"12":4,"13":2,"14":7,"15":6,"16":6,"17":4,"18":9,"19":3,"20":1,"21":1,"22":1,"23":0,"24":0,"25":1,"26":1,"27":3,"28":2,"29":4,"30":4,"31":5,"32":5,"33":6,"34":5,"35":5,"36":2,"37":0,"38":0,"39":0,"40":0,"41":0,"42":0},"fnMap":{"1":{"name":"(anonymous_1)","line":1,"loc":{"start":{"line":1,"column":1},"end":{"line":1,"column":13}}},"2":{"name":"(anonymous_2)","line":16,"loc":{"start":{"line":16,"column":17},"end":{"line":16,"column":31}}},"3":{"name":"(anonymous_3)","line":40,"loc":{"start":{"line":40,"column":25},"end":{"line":40,"column":36}}},"4":{"name":"(anonymous_4)","line":59,"loc":{"start":{"line":59,"column":27},"end":{"line":59,"column":64}}},"5":{"name":"(anonymous_5)","line":75,"loc":{"start":{"line":75,"column":30},"end":{"line":75,"column":46}}},"6":{"name":"(anonymous_6)","line":91,"loc":{"start":{"line":91,"column":24},"end":{"line":91,"column":50}}},"7":{"name":"(anonymous_7)","line":109,"loc":{"start":{"line":109,"column":26},"end":{"line":109,"column":51}}},"8":{"name":"(anonymous_8)","line":113,"loc":{"start":{"line":113,"column":36},"end":{"line":113,"column":48}}},"9":{"name":"(anonymous_9)","line":120,"loc":{"start":{"line":120,"column":24},"end":{"line":120,"column":36}}},"10":{"name":"(anonymous_10)","line":138,"loc":{"start":{"line":138,"column":23},"end":{"line":138,"column":38}}},"11":{"name":"(anonymous_11)","line":148,"loc":{"start":{"line":148,"column":26},"end":{"line":148,"column":40}}},"12":{"name":"(anonymous_12)","line":158,"loc":{"start":{"line":158,"column":22},"end":{"line":158,"column":38}}},"13":{"name":"(anonymous_13)","line":168,"loc":{"start":{"line":168,"column":24},"end":{"line":168,"column":39}}},"14":{"name":"(anonymous_14)","line":178,"loc":{"start":{"line":178,"column":24},"end":{"line":178,"column":39}}},"15":{"name":"(anonymous_15)","line":188,"loc":{"start":{"line":188,"column":24},"end":{"line":188,"column":39}}},"16":{"name":"(anonymous_16)","line":198,"loc":{"start":{"line":198,"column":25},"end":{"line":198,"column":40}}},"17":{"name":"(anonymous_17)","line":208,"loc":{"start":{"line":208,"column":24},"end":{"line":208,"column":39}}},"18":{"name":"(anonymous_18)","line":218,"loc":{"start":{"line":218,"column":27},"end":{"line":218,"column":42}}},"19":{"name":"(anonymous_19)","line":264,"loc":{"start":{"line":264,"column":25},"end":{"line":264,"column":40}}},"20":{"name":"(anonymous_20)","line":288,"loc":{"start":{"line":288,"column":23},"end":{"line":288,"column":42}}},"21":{"name":"(anonymous_21)","line":303,"loc":{"start":{"line":303,"column":26},"end":{"line":303,"column":41}}},"22":{"name":"(anonymous_22)","line":315,"loc":{"start":{"line":315,"column":31},"end":{"line":315,"column":46}}},"23":{"name":"(anonymous_23)","line":335,"loc":{"start":{"line":335,"column":28},"end":{"line":335,"column":44}}},"24":{"name":"(anonymous_24)","line":343,"loc":{"start":{"line":343,"column":24},"end":{"line":343,"column":36}}},"25":{"name":"(anonymous_25)","line":361,"loc":{"start":{"line":361,"column":28},"end":{"line":361,"column":43}}},"26":{"name":"(anonymous_26)","line":376,"loc":{"start":{"line":376,"column":28},"end":{"line":376,"column":43}}},"27":{"name":"(anonymous_27)","line":392,"loc":{"start":{"line":392,"column":28},"end":{"line":392,"column":52}}},"28":{"name":"(anonymous_28)","line":408,"loc":{"start":{"line":408,"column":23},"end":{"line":408,"column":40}}},"29":{"name":"(anonymous_29)","line":425,"loc":{"start":{"line":425,"column":23},"end":{"line":425,"column":56}}},"30":{"name":"(anonymous_30)","line":442,"loc":{"start":{"line":442,"column":30},"end":{"line":442,"column":63}}},"31":{"name":"(anonymous_31)","line":459,"loc":{"start":{"line":459,"column":26},"end":{"line":459,"column":57}}},"32":{"name":"(anonymous_32)","line":476,"loc":{"start":{"line":476,"column":24},"end":{"line":476,"column":57}}},"33":{"name":"(anonymous_33)","line":491,"loc":{"start":{"line":491,"column":21},"end":{"line":491,"column":36}}},"34":{"name":"(anonymous_34)","line":506,"loc":{"start":{"line":506,"column":24},"end":{"line":506,"column":42}}},"35":{"name":"(anonymous_35)","line":521,"loc":{"start":{"line":521,"column":20},"end":{"line":521,"column":34}}},"36":{"name":"(anonymous_36)","line":536,"loc":{"start":{"line":536,"column":24},"end":{"line":536,"column":42}}},"37":{"name":"(anonymous_37)","line":559,"loc":{"start":{"line":559,"column":19},"end":{"line":559,"column":43}}},"38":{"name":"(anonymous_38)","line":571,"loc":{"start":{"line":571,"column":20},"end":{"line":571,"column":44}}},"39":{"name":"(anonymous_39)","line":584,"loc":{"start":{"line":584,"column":20},"end":{"line":584,"column":44}}},"40":{"name":"send","line":593,"loc":{"start":{"line":593,"column":0},"end":{"line":593,"column":36}}},"41":{"name":"(anonymous_41)","line":607,"loc":{"start":{"line":607,"column":37},"end":{"line":607,"column":49}}},"42":{"name":"getAjaxObj","line":620,"loc":{"start":{"line":620,"column":0},"end":{"line":620,"column":22}}}},"statementMap":{"1":{"start":{"line":1,"column":0},"end":{"line":630,"column":5}},"2":{"start":{"line":11,"column":8},"end":{"line":13,"column":17}},"3":{"start":{"line":16,"column":8},"end":{"line":24,"column":10}},"4":{"start":{"line":17,"column":12},"end":{"line":19,"column":13}},"5":{"start":{"line":18,"column":16},"end":{"line":18,"column":27}},"6":{"start":{"line":20,"column":12},"end":{"line":22,"column":13}},"7":{"start":{"line":21,"column":16},"end":{"line":21,"column":35}},"8":{"start":{"line":23,"column":12},"end":{"line":23,"column":32}},"9":{"start":{"line":29,"column":8},"end":{"line":36,"column":9}},"10":{"start":{"line":30,"column":12},"end":{"line":32,"column":13}},"11":{"start":{"line":31,"column":16},"end":{"line":31,"column":46}},"12":{"start":{"line":33,"column":12},"end":{"line":33,"column":28}},"13":{"start":{"line":35,"column":12},"end":{"line":35,"column":25}},"14":{"start":{"line":39,"column":0},"end":{"line":43,"column":1}},"15":{"start":{"line":40,"column":4},"end":{"line":42,"column":7}},"16":{"start":{"line":41,"column":7},"end":{"line":41,"column":17}},"17":{"start":{"line":45,"column":0},"end":{"line":45,"column":21}},"18":{"start":{"line":59,"column":0},"end":{"line":69,"column":2}},"19":{"start":{"line":61,"column":4},"end":{"line":61,"column":42}},"20":{"start":{"line":62,"column":4},"end":{"line":68,"column":5}},"21":{"start":{"line":64,"column":8},"end":{"line":64,"column":39}},"22":{"start":{"line":67,"column":8},"end":{"line":67,"column":67}},"23":{"start":{"line":75,"column":0},"end":{"line":85,"column":2}},"24":{"start":{"line":76,"column":4},"end":{"line":79,"column":5}},"25":{"start":{"line":78,"column":8},"end":{"line":78,"column":20}},"26":{"start":{"line":80,"column":4},"end":{"line":83,"column":5}},"27":{"start":{"line":82,"column":8},"end":{"line":82,"column":48}},"28":{"start":{"line":84,"column":4},"end":{"line":84,"column":16}},"29":{"start":{"line":91,"column":0},"end":{"line":102,"column":2}},"30":{"start":{"line":92,"column":4},"end":{"line":101,"column":5}},"31":{"start":{"line":94,"column":8},"end":{"line":94,"column":34}},"32":{"start":{"line":97,"column":8},"end":{"line":97,"column":36}},"33":{"start":{"line":98,"column":8},"end":{"line":98,"column":23}},"34":{"start":{"line":99,"column":8},"end":{"line":99,"column":25}},"35":{"start":{"line":100,"column":8},"end":{"line":100,"column":41}},"36":{"start":{"line":109,"column":0},"end":{"line":126,"column":2}},"37":{"start":{"line":110,"column":4},"end":{"line":110,"column":50}},"38":{"start":{"line":111,"column":4},"end":{"line":111,"column":36}},"39":{"start":{"line":112,"column":4},"end":{"line":123,"column":5}},"40":{"start":{"line":113,"column":8},"end":{"line":118,"column":10}},"41":{"start":{"line":114,"column":12},"end":{"line":117,"column":13}},"42":{"start":{"line":115,"column":16},"end":{"line":115,"column":49}},"43":{"start":{"line":116,"column":16},"end":{"line":116,"column":27}},"44":{"start":{"line":120,"column":8},"end":{"line":122,"column":10}},"45":{"start":{"line":121,"column":12},"end":{"line":121,"column":23}},"46":{"start":{"line":124,"column":4},"end":{"line":124,"column":21}},"47":{"start":{"line":125,"column":4},"end":{"line":125,"column":65}},"48":{"start":{"line":138,"column":0},"end":{"line":142,"column":2}},"49":{"start":{"line":141,"column":4},"end":{"line":141,"column":67}},"50":{"start":{"line":148,"column":0},"end":{"line":150,"column":2}},"51":{"start":{"line":149,"column":4},"end":{"line":149,"column":69}},"52":{"start":{"line":158,"column":0},"end":{"line":160,"column":2}},"53":{"start":{"line":159,"column":4},"end":{"line":159,"column":67}},"54":{"start":{"line":168,"column":0},"end":{"line":170,"column":2}},"55":{"start":{"line":169,"column":4},"end":{"line":169,"column":68}},"56":{"start":{"line":178,"column":0},"end":{"line":180,"column":2}},"57":{"start":{"line":179,"column":4},"end":{"line":179,"column":68}},"58":{"start":{"line":188,"column":0},"end":{"line":190,"column":2}},"59":{"start":{"line":189,"column":4},"end":{"line":189,"column":68}},"60":{"start":{"line":198,"column":0},"end":{"line":200,"column":2}},"61":{"start":{"line":199,"column":4},"end":{"line":199,"column":69}},"62":{"start":{"line":208,"column":0},"end":{"line":210,"column":2}},"63":{"start":{"line":209,"column":4},"end":{"line":209,"column":68}},"64":{"start":{"line":218,"column":0},"end":{"line":256,"column":2}},"65":{"start":{"line":220,"column":4},"end":{"line":255,"column":5}},"66":{"start":{"line":221,"column":8},"end":{"line":221,"column":25}},"67":{"start":{"line":222,"column":8},"end":{"line":222,"column":22}},"68":{"start":{"line":225,"column":9},"end":{"line":255,"column":5}},"69":{"start":{"line":226,"column":8},"end":{"line":226,"column":41}},"70":{"start":{"line":227,"column":11},"end":{"line":255,"column":5}},"71":{"start":{"line":228,"column":8},"end":{"line":228,"column":41}},"72":{"start":{"line":229,"column":11},"end":{"line":255,"column":5}},"73":{"start":{"line":230,"column":8},"end":{"line":230,"column":42}},"74":{"start":{"line":231,"column":11},"end":{"line":255,"column":5}},"75":{"start":{"line":232,"column":8},"end":{"line":232,"column":24}},"76":{"start":{"line":233,"column":8},"end":{"line":235,"column":9}},"77":{"start":{"line":234,"column":12},"end":{"line":234,"column":49}},"78":{"start":{"line":236,"column":8},"end":{"line":236,"column":22}},"79":{"start":{"line":237,"column":11},"end":{"line":255,"column":5}},"80":{"start":{"line":238,"column":8},"end":{"line":238,"column":32}},"81":{"start":{"line":239,"column":8},"end":{"line":239,"column":38}},"82":{"start":{"line":240,"column":8},"end":{"line":240,"column":22}},"83":{"start":{"line":241,"column":11},"end":{"line":255,"column":5}},"84":{"start":{"line":242,"column":8},"end":{"line":242,"column":24}},"85":{"start":{"line":243,"column":8},"end":{"line":247,"column":9}},"86":{"start":{"line":244,"column":12},"end":{"line":246,"column":13}},"87":{"start":{"line":245,"column":16},"end":{"line":245,"column":59}},"88":{"start":{"line":248,"column":8},"end":{"line":248,"column":22}},"89":{"start":{"line":249,"column":11},"end":{"line":255,"column":5}},"90":{"start":{"line":250,"column":8},"end":{"line":250,"column":23}},"91":{"start":{"line":251,"column":8},"end":{"line":251,"column":39}},"92":{"start":{"line":252,"column":8},"end":{"line":252,"column":42}},"93":{"start":{"line":253,"column":8},"end":{"line":253,"column":43}},"94":{"start":{"line":254,"column":8},"end":{"line":254,"column":45}},"95":{"start":{"line":264,"column":0},"end":{"line":280,"column":2}},"96":{"start":{"line":265,"column":4},"end":{"line":265,"column":20}},"97":{"start":{"line":266,"column":4},"end":{"line":266,"column":17}},"98":{"start":{"line":267,"column":4},"end":{"line":267,"column":12}},"99":{"start":{"line":268,"column":4},"end":{"line":279,"column":5}},"100":{"start":{"line":269,"column":8},"end":{"line":275,"column":9}},"101":{"start":{"line":270,"column":12},"end":{"line":270,"column":49}},"102":{"start":{"line":271,"column":12},"end":{"line":274,"column":13}},"103":{"start":{"line":272,"column":16},"end":{"line":272,"column":36}},"104":{"start":{"line":273,"column":16},"end":{"line":273,"column":32}},"105":{"start":{"line":276,"column":8},"end":{"line":276,"column":22}},"106":{"start":{"line":278,"column":8},"end":{"line":278,"column":41}},"107":{"start":{"line":288,"column":0},"end":{"line":295,"column":2}},"108":{"start":{"line":289,"column":4},"end":{"line":294,"column":5}},"109":{"start":{"line":290,"column":8},"end":{"line":292,"column":9}},"110":{"start":{"line":291,"column":12},"end":{"line":291,"column":26}},"111":{"start":{"line":293,"column":8},"end":{"line":293,"column":19}},"112":{"start":{"line":303,"column":0},"end":{"line":307,"column":2}},"113":{"start":{"line":304,"column":4},"end":{"line":304,"column":31}},"114":{"start":{"line":305,"column":4},"end":{"line":305,"column":43}},"115":{"start":{"line":306,"column":4},"end":{"line":306,"column":19}},"116":{"start":{"line":315,"column":0},"end":{"line":323,"column":2}},"117":{"start":{"line":316,"column":4},"end":{"line":316,"column":19}},"118":{"start":{"line":317,"column":4},"end":{"line":321,"column":5}},"119":{"start":{"line":318,"column":8},"end":{"line":320,"column":9}},"120":{"start":{"line":319,"column":12},"end":{"line":319,"column":22}},"121":{"start":{"line":322,"column":4},"end":{"line":322,"column":18}},"122":{"start":{"line":335,"column":0},"end":{"line":348,"column":2}},"123":{"start":{"line":337,"column":4},"end":{"line":337,"column":34}},"124":{"start":{"line":338,"column":4},"end":{"line":347,"column":5}},"125":{"start":{"line":340,"column":8},"end":{"line":340,"column":29}},"126":{"start":{"line":343,"column":8},"end":{"line":346,"column":9}},"127":{"start":{"line":344,"column":12},"end":{"line":344,"column":24}},"128":{"start":{"line":345,"column":12},"end":{"line":345,"column":19}},"129":{"start":{"line":361,"column":1},"end":{"line":368,"column":3}},"130":{"start":{"line":362,"column":5},"end":{"line":362,"column":44}},"131":{"start":{"line":363,"column":5},"end":{"line":367,"column":6}},"132":{"start":{"line":364,"column":9},"end":{"line":364,"column":23}},"133":{"start":{"line":366,"column":9},"end":{"line":366,"column":40}},"134":{"start":{"line":376,"column":1},"end":{"line":383,"column":3}},"135":{"start":{"line":377,"column":5},"end":{"line":377,"column":44}},"136":{"start":{"line":378,"column":5},"end":{"line":382,"column":6}},"137":{"start":{"line":379,"column":9},"end":{"line":379,"column":23}},"138":{"start":{"line":381,"column":9},"end":{"line":381,"column":40}},"139":{"start":{"line":392,"column":0},"end":{"line":395,"column":2}},"140":{"start":{"line":393,"column":4},"end":{"line":393,"column":36}},"141":{"start":{"line":394,"column":4},"end":{"line":394,"column":55}},"142":{"start":{"line":408,"column":0},"end":{"line":415,"column":2}},"143":{"start":{"line":409,"column":4},"end":{"line":409,"column":75}},"144":{"start":{"line":410,"column":4},"end":{"line":414,"column":5}},"145":{"start":{"line":411,"column":8},"end":{"line":411,"column":20}},"146":{"start":{"line":413,"column":8},"end":{"line":413,"column":21}},"147":{"start":{"line":425,"column":0},"end":{"line":432,"column":2}},"148":{"start":{"line":426,"column":4},"end":{"line":426,"column":75}},"149":{"start":{"line":427,"column":4},"end":{"line":431,"column":5}},"150":{"start":{"line":428,"column":8},"end":{"line":428,"column":21}},"151":{"start":{"line":430,"column":8},"end":{"line":430,"column":20}},"152":{"start":{"line":442,"column":0},"end":{"line":449,"column":2}},"153":{"start":{"line":443,"column":4},"end":{"line":443,"column":108}},"154":{"start":{"line":444,"column":4},"end":{"line":448,"column":5}},"155":{"start":{"line":445,"column":8},"end":{"line":445,"column":20}},"156":{"start":{"line":447,"column":8},"end":{"line":447,"column":21}},"157":{"start":{"line":459,"column":0},"end":{"line":466,"column":2}},"158":{"start":{"line":460,"column":4},"end":{"line":460,"column":101}},"159":{"start":{"line":461,"column":4},"end":{"line":465,"column":5}},"160":{"start":{"line":462,"column":8},"end":{"line":462,"column":20}},"161":{"start":{"line":464,"column":8},"end":{"line":464,"column":21}},"162":{"start":{"line":476,"column":0},"end":{"line":483,"column":2}},"163":{"start":{"line":477,"column":4},"end":{"line":477,"column":89}},"164":{"start":{"line":478,"column":4},"end":{"line":482,"column":5}},"165":{"start":{"line":479,"column":8},"end":{"line":479,"column":20}},"166":{"start":{"line":481,"column":8},"end":{"line":481,"column":21}},"167":{"start":{"line":491,"column":0},"end":{"line":498,"column":2}},"168":{"start":{"line":492,"column":4},"end":{"line":492,"column":45}},"169":{"start":{"line":493,"column":4},"end":{"line":497,"column":5}},"170":{"start":{"line":494,"column":8},"end":{"line":494,"column":20}},"171":{"start":{"line":496,"column":8},"end":{"line":496,"column":21}},"172":{"start":{"line":506,"column":0},"end":{"line":513,"column":2}},"173":{"start":{"line":507,"column":4},"end":{"line":507,"column":94}},"174":{"start":{"line":508,"column":4},"end":{"line":512,"column":5}},"175":{"start":{"line":509,"column":8},"end":{"line":509,"column":20}},"176":{"start":{"line":511,"column":8},"end":{"line":511,"column":21}},"177":{"start":{"line":521,"column":0},"end":{"line":528,"column":2}},"178":{"start":{"line":522,"column":4},"end":{"line":522,"column":88}},"179":{"start":{"line":523,"column":4},"end":{"line":527,"column":5}},"180":{"start":{"line":524,"column":8},"end":{"line":524,"column":20}},"181":{"start":{"line":526,"column":8},"end":{"line":526,"column":21}},"182":{"start":{"line":536,"column":0},"end":{"line":543,"column":2}},"183":{"start":{"line":537,"column":4},"end":{"line":537,"column":63}},"184":{"start":{"line":538,"column":4},"end":{"line":542,"column":5}},"185":{"start":{"line":539,"column":8},"end":{"line":539,"column":20}},"186":{"start":{"line":541,"column":8},"end":{"line":541,"column":21}},"187":{"start":{"line":559,"column":0},"end":{"line":561,"column":2}},"188":{"start":{"line":560,"column":4},"end":{"line":560,"column":30}},"189":{"start":{"line":571,"column":0},"end":{"line":573,"column":2}},"190":{"start":{"line":572,"column":4},"end":{"line":572,"column":30}},"191":{"start":{"line":584,"column":0},"end":{"line":586,"column":2}},"192":{"start":{"line":585,"column":4},"end":{"line":585,"column":31}},"193":{"start":{"line":593,"column":0},"end":{"line":615,"column":1}},"194":{"start":{"line":594,"column":4},"end":{"line":594,"column":34}},"195":{"start":{"line":595,"column":4},"end":{"line":595,"column":38}},"196":{"start":{"line":596,"column":4},"end":{"line":596,"column":36}},"197":{"start":{"line":597,"column":4},"end":{"line":597,"column":36}},"198":{"start":{"line":598,"column":4},"end":{"line":598,"column":31}},"199":{"start":{"line":599,"column":4},"end":{"line":599,"column":37}},"200":{"start":{"line":600,"column":4},"end":{"line":603,"column":5}},"201":{"start":{"line":601,"column":8},"end":{"line":601,"column":36}},"202":{"start":{"line":602,"column":8},"end":{"line":602,"column":69}},"203":{"start":{"line":604,"column":4},"end":{"line":604,"column":67}},"204":{"start":{"line":605,"column":4},"end":{"line":605,"column":23}},"205":{"start":{"line":606,"column":4},"end":{"line":614,"column":5}},"206":{"start":{"line":607,"column":8},"end":{"line":613,"column":10}},"207":{"start":{"line":608,"column":12},"end":{"line":612,"column":13}},"208":{"start":{"line":609,"column":16},"end":{"line":609,"column":51}},"209":{"start":{"line":610,"column":19},"end":{"line":612,"column":13}},"210":{"start":{"line":611,"column":16},"end":{"line":611,"column":30}},"211":{"start":{"line":620,"column":0},"end":{"line":626,"column":1}},"212":{"start":{"line":621,"column":4},"end":{"line":625,"column":5}},"213":{"start":{"line":622,"column":8},"end":{"line":622,"column":36}},"214":{"start":{"line":624,"column":8},"end":{"line":624,"column":54}}},"branchMap":{"1":{"line":11,"type":"binary-expr","locations":[{"start":{"line":11,"column":19},"end":{"line":11,"column":42}},{"start":{"line":11,"column":46},"end":{"line":11,"column":64}},{"start":{"line":11,"column":68},"end":{"line":11,"column":72}},{"start":{"line":12,"column":12},"end":{"line":12,"column":37}},{"start":{"line":12,"column":41},"end":{"line":12,"column":65}},{"start":{"line":12,"column":69},"end":{"line":12,"column":75}},{"start":{"line":13,"column":12},"end":{"line":13,"column":16}}]},"2":{"line":17,"type":"if","locations":[{"start":{"line":17,"column":12},"end":{"line":17,"column":12}},{"start":{"line":17,"column":12},"end":{"line":17,"column":12}}]},"3":{"line":20,"type":"if","locations":[{"start":{"line":20,"column":12},"end":{"line":20,"column":12}},{"start":{"line":20,"column":12},"end":{"line":20,"column":12}}]},"4":{"line":29,"type":"if","locations":[{"start":{"line":29,"column":8},"end":{"line":29,"column":8}},{"start":{"line":29,"column":8},"end":{"line":29,"column":8}}]},"5":{"line":29,"type":"binary-expr","locations":[{"start":{"line":29,"column":12},"end":{"line":29,"column":41}},{"start":{"line":29,"column":45},"end":{"line":29,"column":62}}]},"6":{"line":30,"type":"if","locations":[{"start":{"line":30,"column":12},"end":{"line":30,"column":12}},{"start":{"line":30,"column":12},"end":{"line":30,"column":12}}]},"7":{"line":30,"type":"binary-expr","locations":[{"start":{"line":30,"column":16},"end":{"line":30,"column":44}},{"start":{"line":30,"column":48},"end":{"line":30,"column":64}},{"start":{"line":30,"column":68},"end":{"line":30,"column":82}}]},"8":{"line":39,"type":"if","locations":[{"start":{"line":39,"column":0},"end":{"line":39,"column":0}},{"start":{"line":39,"column":0},"end":{"line":39,"column":0}}]},"9":{"line":39,"type":"binary-expr","locations":[{"start":{"line":39,"column":4},"end":{"line":39,"column":31}},{"start":{"line":39,"column":35},"end":{"line":39,"column":45}}]},"10":{"line":62,"type":"if","locations":[{"start":{"line":62,"column":4},"end":{"line":62,"column":4}},{"start":{"line":62,"column":4},"end":{"line":62,"column":4}}]},"11":{"line":76,"type":"if","locations":[{"start":{"line":76,"column":4},"end":{"line":76,"column":4}},{"start":{"line":76,"column":4},"end":{"line":76,"column":4}}]},"12":{"line":80,"type":"if","locations":[{"start":{"line":80,"column":4},"end":{"line":80,"column":4}},{"start":{"line":80,"column":4},"end":{"line":80,"column":4}}]},"13":{"line":92,"type":"if","locations":[{"start":{"line":92,"column":4},"end":{"line":92,"column":4}},{"start":{"line":92,"column":4},"end":{"line":92,"column":4}}]},"14":{"line":112,"type":"if","locations":[{"start":{"line":112,"column":4},"end":{"line":112,"column":4}},{"start":{"line":112,"column":4},"end":{"line":112,"column":4}}]},"15":{"line":114,"type":"if","locations":[{"start":{"line":114,"column":12},"end":{"line":114,"column":12}},{"start":{"line":114,"column":12},"end":{"line":114,"column":12}}]},"16":{"line":114,"type":"binary-expr","locations":[{"start":{"line":114,"column":16},"end":{"line":114,"column":46}},{"start":{"line":114,"column":50},"end":{"line":114,"column":82}}]},"17":{"line":220,"type":"if","locations":[{"start":{"line":220,"column":4},"end":{"line":220,"column":4}},{"start":{"line":220,"column":4},"end":{"line":220,"column":4}}]},"18":{"line":220,"type":"binary-expr","locations":[{"start":{"line":220,"column":8},"end":{"line":220,"column":19}},{"start":{"line":220,"column":24},"end":{"line":220,"column":46}}]},"19":{"line":225,"type":"if","locations":[{"start":{"line":225,"column":9},"end":{"line":225,"column":9}},{"start":{"line":225,"column":9},"end":{"line":225,"column":9}}]},"20":{"line":225,"type":"binary-expr","locations":[{"start":{"line":225,"column":13},"end":{"line":225,"column":31}},{"start":{"line":225,"column":35},"end":{"line":225,"column":57}}]},"21":{"line":227,"type":"if","locations":[{"start":{"line":227,"column":11},"end":{"line":227,"column":11}},{"start":{"line":227,"column":11},"end":{"line":227,"column":11}}]},"22":{"line":227,"type":"binary-expr","locations":[{"start":{"line":227,"column":15},"end":{"line":227,"column":33}},{"start":{"line":227,"column":37},"end":{"line":227,"column":59}}]},"23":{"line":229,"type":"if","locations":[{"start":{"line":229,"column":11},"end":{"line":229,"column":11}},{"start":{"line":229,"column":11},"end":{"line":229,"column":11}}]},"24":{"line":229,"type":"binary-expr","locations":[{"start":{"line":229,"column":15},"end":{"line":229,"column":34}},{"start":{"line":229,"column":38},"end":{"line":229,"column":60}}]},"25":{"line":231,"type":"if","locations":[{"start":{"line":231,"column":11},"end":{"line":231,"column":11}},{"start":{"line":231,"column":11},"end":{"line":231,"column":11}}]},"26":{"line":237,"type":"if","locations":[{"start":{"line":237,"column":11},"end":{"line":237,"column":11}},{"start":{"line":237,"column":11},"end":{"line":237,"column":11}}]},"27":{"line":241,"type":"if","locations":[{"start":{"line":241,"column":11},"end":{"line":241,"column":11}},{"start":{"line":241,"column":11},"end":{"line":241,"column":11}}]},"28":{"line":244,"type":"if","locations":[{"start":{"line":244,"column":12},"end":{"line":244,"column":12}},{"start":{"line":244,"column":12},"end":{"line":244,"column":12}}]},"29":{"line":249,"type":"if","locations":[{"start":{"line":249,"column":11},"end":{"line":249,"column":11}},{"start":{"line":249,"column":11},"end":{"line":249,"column":11}}]},"30":{"line":251,"type":"cond-expr","locations":[{"start":{"line":251,"column":30},"end":{"line":251,"column":33}},{"start":{"line":251,"column":36},"end":{"line":251,"column":38}}]},"31":{"line":252,"type":"cond-expr","locations":[{"start":{"line":252,"column":33},"end":{"line":252,"column":36}},{"start":{"line":252,"column":39},"end":{"line":252,"column":41}}]},"32":{"line":253,"type":"cond-expr","locations":[{"start":{"line":253,"column":34},"end":{"line":253,"column":37}},{"start":{"line":253,"column":40},"end":{"line":253,"column":42}}]},"33":{"line":268,"type":"if","locations":[{"start":{"line":268,"column":4},"end":{"line":268,"column":4}},{"start":{"line":268,"column":4},"end":{"line":268,"column":4}}]},"34":{"line":271,"type":"if","locations":[{"start":{"line":271,"column":12},"end":{"line":271,"column":12}},{"start":{"line":271,"column":12},"end":{"line":271,"column":12}}]},"35":{"line":289,"type":"if","locations":[{"start":{"line":289,"column":4},"end":{"line":289,"column":4}},{"start":{"line":289,"column":4},"end":{"line":289,"column":4}}]},"36":{"line":318,"type":"if","locations":[{"start":{"line":318,"column":8},"end":{"line":318,"column":8}},{"start":{"line":318,"column":8},"end":{"line":318,"column":8}}]},"37":{"line":338,"type":"if","locations":[{"start":{"line":338,"column":4},"end":{"line":338,"column":4}},{"start":{"line":338,"column":4},"end":{"line":338,"column":4}}]},"38":{"line":363,"type":"if","locations":[{"start":{"line":363,"column":5},"end":{"line":363,"column":5}},{"start":{"line":363,"column":5},"end":{"line":363,"column":5}}]},"39":{"line":378,"type":"if","locations":[{"start":{"line":378,"column":5},"end":{"line":378,"column":5}},{"start":{"line":378,"column":5},"end":{"line":378,"column":5}}]},"40":{"line":410,"type":"if","locations":[{"start":{"line":410,"column":4},"end":{"line":410,"column":4}},{"start":{"line":410,"column":4},"end":{"line":410,"column":4}}]},"41":{"line":427,"type":"if","locations":[{"start":{"line":427,"column":4},"end":{"line":427,"column":4}},{"start":{"line":427,"column":4},"end":{"line":427,"column":4}}]},"42":{"line":444,"type":"if","locations":[{"start":{"line":444,"column":4},"end":{"line":444,"column":4}},{"start":{"line":444,"column":4},"end":{"line":444,"column":4}}]},"43":{"line":461,"type":"if","locations":[{"start":{"line":461,"column":4},"end":{"line":461,"column":4}},{"start":{"line":461,"column":4},"end":{"line":461,"column":4}}]},"44":{"line":478,"type":"if","locations":[{"start":{"line":478,"column":4},"end":{"line":478,"column":4}},{"start":{"line":478,"column":4},"end":{"line":478,"column":4}}]},"45":{"line":493,"type":"if","locations":[{"start":{"line":493,"column":4},"end":{"line":493,"column":4}},{"start":{"line":493,"column":4},"end":{"line":493,"column":4}}]},"46":{"line":508,"type":"if","locations":[{"start":{"line":508,"column":4},"end":{"line":508,"column":4}},{"start":{"line":508,"column":4},"end":{"line":508,"column":4}}]},"47":{"line":523,"type":"if","locations":[{"start":{"line":523,"column":4},"end":{"line":523,"column":4}},{"start":{"line":523,"column":4},"end":{"line":523,"column":4}}]},"48":{"line":538,"type":"if","locations":[{"start":{"line":538,"column":4},"end":{"line":538,"column":4}},{"start":{"line":538,"column":4},"end":{"line":538,"column":4}}]},"49":{"line":594,"type":"binary-expr","locations":[{"start":{"line":594,"column":15},"end":{"line":594,"column":27}},{"start":{"line":594,"column":31},"end":{"line":594,"column":33}}]},"50":{"line":595,"type":"binary-expr","locations":[{"start":{"line":595,"column":16},"end":{"line":595,"column":29}},{"start":{"line":595,"column":33},"end":{"line":595,"column":37}}]},"51":{"line":600,"type":"if","locations":[{"start":{"line":600,"column":4},"end":{"line":600,"column":4}},{"start":{"line":600,"column":4},"end":{"line":600,"column":4}}]},"52":{"line":606,"type":"if","locations":[{"start":{"line":606,"column":4},"end":{"line":606,"column":4}},{"start":{"line":606,"column":4},"end":{"line":606,"column":4}}]},"53":{"line":608,"type":"if","locations":[{"start":{"line":608,"column":12},"end":{"line":608,"column":12}},{"start":{"line":608,"column":12},"end":{"line":608,"column":12}}]},"54":{"line":608,"type":"binary-expr","locations":[{"start":{"line":608,"column":16},"end":{"line":608,"column":40}},{"start":{"line":608,"column":45},"end":{"line":608,"column":67}}]},"55":{"line":610,"type":"if","locations":[{"start":{"line":610,"column":19},"end":{"line":610,"column":19}},{"start":{"line":610,"column":19},"end":{"line":610,"column":19}}]},"56":{"line":610,"type":"binary-expr","locations":[{"start":{"line":610,"column":23},"end":{"line":610,"column":45}},{"start":{"line":610,"column":49},"end":{"line":610,"column":71}},{"start":{"line":610,"column":75},"end":{"line":610,"column":97}}]},"57":{"line":621,"type":"if","locations":[{"start":{"line":621,"column":4},"end":{"line":621,"column":4}},{"start":{"line":621,"column":4},"end":{"line":621,"column":4}}]}}}}