{"dist/honokajs.js":{"path":"dist/honokajs.js","s":{"1":1,"2":1,"3":1,"4":3,"5":0,"6":3,"7":0,"8":3,"9":1,"10":0,"11":0,"12":0,"13":1,"14":1,"15":0,"16":0,"17":1,"18":1,"19":0,"20":0,"21":0,"22":0,"23":1,"24":0,"25":0,"26":0,"27":0,"28":0,"29":1,"30":0,"31":0,"32":0,"33":0,"34":0,"35":0,"36":1,"37":0,"38":0,"39":0,"40":0,"41":0,"42":0,"43":0,"44":0,"45":0,"46":0,"47":0,"48":1,"49":16,"50":1,"51":2,"52":1,"53":4,"54":1,"55":2,"56":1,"57":7,"58":1,"59":6,"60":1,"61":6,"62":1,"63":4,"64":1,"65":9,"66":4,"67":4,"68":5,"69":1,"70":4,"71":0,"72":4,"73":1,"74":3,"75":1,"76":1,"77":2,"78":1,"79":2,"80":0,"81":0,"82":0,"83":2,"84":2,"85":2,"86":4,"87":4,"88":2,"89":0,"90":0,"91":0,"92":0,"93":0,"94":0,"95":1,"96":3,"97":3,"98":3,"99":3,"100":3,"101":20,"102":20,"103":14,"104":14,"105":3,"106":0,"107":1,"108":1,"109":1,"110":5,"111":1,"112":1,"113":1,"114":1,"115":1,"116":1,"117":1,"118":1,"119":3,"120":3,"121":1,"122":1,"123":7,"124":7,"125":7,"126":4,"127":3,"128":3,"129":3,"130":3,"131":3,"132":8,"133":3,"134":5,"135":3,"136":0,"137":1,"138":0,"139":0,"140":0,"141":0,"142":0,"143":0,"144":1,"145":1,"146":1,"147":1,"148":0,"149":1,"150":1,"151":1,"152":1,"153":0,"154":1,"155":3,"156":3,"157":1,"158":2,"159":2,"160":1,"161":1,"162":1,"163":4,"164":4,"165":3,"166":1,"167":1,"168":4,"169":4,"170":1,"171":3,"172":1,"173":5,"174":5,"175":2,"176":3,"177":1,"178":5,"179":5,"180":1,"181":4,"182":1,"183":6,"184":6,"185":3,"186":3,"187":1,"188":5,"189":5,"190":2,"191":3,"192":1,"193":5,"194":5,"195":1,"196":4,"197":1,"198":2,"199":2,"200":1,"201":1,"202":1,"203":0,"204":1,"205":0,"206":1,"207":0,"208":1,"209":0,"210":0,"211":0,"212":0,"213":0,"214":0,"215":0,"216":0,"217":0,"218":0,"219":0,"220":0,"221":0,"222":0,"223":0,"224":0,"225":0,"226":1,"227":0,"228":0,"229":0},"b":{"1":[1,1,1,0,0,0,0],"2":[0,3],"3":[0,3],"4":[0,1],"5":[1,0],"6":[0,0],"7":[0,0,0],"8":[0,1],"9":[1,0],"10":[0,0],"11":[0,0],"12":[0,0],"13":[0,0],"14":[0,0],"15":[0,0],"16":[0,0],"17":[4,5],"18":[9,9],"19":[1,4],"20":[5,1],"21":[0,4],"22":[4,0],"23":[1,3],"24":[4,1],"25":[1,2],"26":[0,2],"27":[2,0],"28":[4,0],"29":[0,0],"30":[0,0],"31":[0,0],"32":[0,0],"33":[3,0],"34":[14,6],"35":[1,0],"36":[3,0],"37":[7,0],"38":[4,3],"39":[3,5],"40":[0,0],"41":[1,0],"42":[1,0],"43":[1,1],"44":[3,1],"45":[1,3],"46":[2,3],"47":[1,4],"48":[3,3],"49":[2,3],"50":[1,4],"51":[1,1],"52":[0,0],"53":[0,0],"54":[0,0],"55":[0,0],"56":[0,0],"57":[0,0],"58":[0,0],"59":[0,0,0],"60":[0,0]},"f":{"1":1,"2":3,"3":0,"4":0,"5":0,"6":0,"7":0,"8":0,"9":0,"10":16,"11":2,"12":4,"13":2,"14":7,"15":6,"16":6,"17":4,"18":9,"19":3,"20":1,"21":1,"22":1,"23":7,"24":0,"25":0,"26":1,"27":1,"28":3,"29":2,"30":4,"31":4,"32":5,"33":5,"34":6,"35":5,"36":5,"37":2,"38":0,"39":0,"40":0,"41":0,"42":0,"43":0},"fnMap":{"1":{"name":"(anonymous_1)","line":1,"loc":{"start":{"line":1,"column":1},"end":{"line":1,"column":13}}},"2":{"name":"(anonymous_2)","line":16,"loc":{"start":{"line":16,"column":9},"end":{"line":16,"column":24}}},"3":{"name":"(anonymous_3)","line":40,"loc":{"start":{"line":40,"column":25},"end":{"line":40,"column":37}}},"4":{"name":"(anonymous_4)","line":59,"loc":{"start":{"line":59,"column":27},"end":{"line":59,"column":64}}},"5":{"name":"(anonymous_5)","line":77,"loc":{"start":{"line":77,"column":30},"end":{"line":77,"column":46}}},"6":{"name":"(anonymous_6)","line":95,"loc":{"start":{"line":95,"column":24},"end":{"line":95,"column":50}}},"7":{"name":"(anonymous_7)","line":115,"loc":{"start":{"line":115,"column":26},"end":{"line":115,"column":51}}},"8":{"name":"(anonymous_8)","line":119,"loc":{"start":{"line":119,"column":36},"end":{"line":119,"column":48}}},"9":{"name":"(anonymous_9)","line":126,"loc":{"start":{"line":126,"column":24},"end":{"line":126,"column":36}}},"10":{"name":"(anonymous_10)","line":146,"loc":{"start":{"line":146,"column":23},"end":{"line":146,"column":38}}},"11":{"name":"(anonymous_11)","line":158,"loc":{"start":{"line":158,"column":26},"end":{"line":158,"column":40}}},"12":{"name":"(anonymous_12)","line":168,"loc":{"start":{"line":168,"column":22},"end":{"line":168,"column":38}}},"13":{"name":"(anonymous_13)","line":178,"loc":{"start":{"line":178,"column":24},"end":{"line":178,"column":39}}},"14":{"name":"(anonymous_14)","line":188,"loc":{"start":{"line":188,"column":24},"end":{"line":188,"column":39}}},"15":{"name":"(anonymous_15)","line":198,"loc":{"start":{"line":198,"column":24},"end":{"line":198,"column":39}}},"16":{"name":"(anonymous_16)","line":208,"loc":{"start":{"line":208,"column":25},"end":{"line":208,"column":40}}},"17":{"name":"(anonymous_17)","line":218,"loc":{"start":{"line":218,"column":24},"end":{"line":218,"column":39}}},"18":{"name":"(anonymous_18)","line":228,"loc":{"start":{"line":228,"column":27},"end":{"line":228,"column":42}}},"19":{"name":"(anonymous_19)","line":274,"loc":{"start":{"line":274,"column":25},"end":{"line":274,"column":40}}},"20":{"name":"(anonymous_20)","line":298,"loc":{"start":{"line":298,"column":23},"end":{"line":298,"column":42}}},"21":{"name":"(anonymous_21)","line":313,"loc":{"start":{"line":313,"column":26},"end":{"line":313,"column":41}}},"22":{"name":"(anonymous_22)","line":325,"loc":{"start":{"line":325,"column":31},"end":{"line":325,"column":46}}},"23":{"name":"(anonymous_23)","line":341,"loc":{"start":{"line":341,"column":25},"end":{"line":341,"column":40}}},"24":{"name":"(anonymous_24)","line":375,"loc":{"start":{"line":375,"column":28},"end":{"line":375,"column":44}}},"25":{"name":"(anonymous_25)","line":383,"loc":{"start":{"line":383,"column":24},"end":{"line":383,"column":36}}},"26":{"name":"(anonymous_26)","line":401,"loc":{"start":{"line":401,"column":27},"end":{"line":401,"column":42}}},"27":{"name":"(anonymous_27)","line":416,"loc":{"start":{"line":416,"column":27},"end":{"line":416,"column":42}}},"28":{"name":"(anonymous_28)","line":432,"loc":{"start":{"line":432,"column":28},"end":{"line":432,"column":52}}},"29":{"name":"(anonymous_29)","line":448,"loc":{"start":{"line":448,"column":23},"end":{"line":448,"column":40}}},"30":{"name":"(anonymous_30)","line":465,"loc":{"start":{"line":465,"column":23},"end":{"line":465,"column":56}}},"31":{"name":"(anonymous_31)","line":482,"loc":{"start":{"line":482,"column":30},"end":{"line":482,"column":63}}},"32":{"name":"(anonymous_32)","line":499,"loc":{"start":{"line":499,"column":26},"end":{"line":499,"column":57}}},"33":{"name":"(anonymous_33)","line":516,"loc":{"start":{"line":516,"column":24},"end":{"line":516,"column":57}}},"34":{"name":"(anonymous_34)","line":531,"loc":{"start":{"line":531,"column":21},"end":{"line":531,"column":36}}},"35":{"name":"(anonymous_35)","line":546,"loc":{"start":{"line":546,"column":24},"end":{"line":546,"column":42}}},"36":{"name":"(anonymous_36)","line":561,"loc":{"start":{"line":561,"column":20},"end":{"line":561,"column":34}}},"37":{"name":"(anonymous_37)","line":576,"loc":{"start":{"line":576,"column":24},"end":{"line":576,"column":42}}},"38":{"name":"(anonymous_38)","line":601,"loc":{"start":{"line":601,"column":19},"end":{"line":601,"column":43}}},"39":{"name":"(anonymous_39)","line":615,"loc":{"start":{"line":615,"column":20},"end":{"line":615,"column":44}}},"40":{"name":"(anonymous_40)","line":630,"loc":{"start":{"line":630,"column":20},"end":{"line":630,"column":44}}},"41":{"name":"send","line":639,"loc":{"start":{"line":639,"column":0},"end":{"line":639,"column":36}}},"42":{"name":"(anonymous_42)","line":653,"loc":{"start":{"line":653,"column":37},"end":{"line":653,"column":49}}},"43":{"name":"getAjaxObj","line":666,"loc":{"start":{"line":666,"column":0},"end":{"line":666,"column":22}}}},"statementMap":{"1":{"start":{"line":1,"column":0},"end":{"line":676,"column":5}},"2":{"start":{"line":11,"column":0},"end":{"line":13,"column":9}},"3":{"start":{"line":16,"column":0},"end":{"line":24,"column":2}},"4":{"start":{"line":17,"column":4},"end":{"line":19,"column":5}},"5":{"start":{"line":18,"column":8},"end":{"line":18,"column":19}},"6":{"start":{"line":20,"column":4},"end":{"line":22,"column":5}},"7":{"start":{"line":21,"column":8},"end":{"line":21,"column":27}},"8":{"start":{"line":23,"column":4},"end":{"line":23,"column":24}},"9":{"start":{"line":29,"column":0},"end":{"line":36,"column":1}},"10":{"start":{"line":30,"column":4},"end":{"line":32,"column":5}},"11":{"start":{"line":31,"column":8},"end":{"line":31,"column":38}},"12":{"start":{"line":33,"column":4},"end":{"line":33,"column":20}},"13":{"start":{"line":35,"column":4},"end":{"line":35,"column":17}},"14":{"start":{"line":39,"column":0},"end":{"line":43,"column":1}},"15":{"start":{"line":40,"column":4},"end":{"line":42,"column":7}},"16":{"start":{"line":41,"column":8},"end":{"line":41,"column":18}},"17":{"start":{"line":45,"column":0},"end":{"line":45,"column":21}},"18":{"start":{"line":59,"column":0},"end":{"line":69,"column":2}},"19":{"start":{"line":61,"column":4},"end":{"line":61,"column":42}},"20":{"start":{"line":62,"column":4},"end":{"line":68,"column":5}},"21":{"start":{"line":64,"column":8},"end":{"line":64,"column":39}},"22":{"start":{"line":67,"column":8},"end":{"line":67,"column":67}},"23":{"start":{"line":77,"column":0},"end":{"line":87,"column":2}},"24":{"start":{"line":78,"column":4},"end":{"line":81,"column":5}},"25":{"start":{"line":80,"column":8},"end":{"line":80,"column":20}},"26":{"start":{"line":82,"column":4},"end":{"line":85,"column":5}},"27":{"start":{"line":84,"column":8},"end":{"line":84,"column":53}},"28":{"start":{"line":86,"column":4},"end":{"line":86,"column":16}},"29":{"start":{"line":95,"column":0},"end":{"line":106,"column":2}},"30":{"start":{"line":96,"column":4},"end":{"line":105,"column":5}},"31":{"start":{"line":98,"column":8},"end":{"line":98,"column":34}},"32":{"start":{"line":101,"column":8},"end":{"line":101,"column":36}},"33":{"start":{"line":102,"column":8},"end":{"line":102,"column":23}},"34":{"start":{"line":103,"column":8},"end":{"line":103,"column":25}},"35":{"start":{"line":104,"column":8},"end":{"line":104,"column":41}},"36":{"start":{"line":115,"column":0},"end":{"line":132,"column":2}},"37":{"start":{"line":116,"column":4},"end":{"line":116,"column":50}},"38":{"start":{"line":117,"column":4},"end":{"line":117,"column":36}},"39":{"start":{"line":118,"column":4},"end":{"line":129,"column":5}},"40":{"start":{"line":119,"column":8},"end":{"line":124,"column":10}},"41":{"start":{"line":120,"column":12},"end":{"line":123,"column":13}},"42":{"start":{"line":121,"column":16},"end":{"line":121,"column":49}},"43":{"start":{"line":122,"column":16},"end":{"line":122,"column":27}},"44":{"start":{"line":126,"column":8},"end":{"line":128,"column":10}},"45":{"start":{"line":127,"column":12},"end":{"line":127,"column":23}},"46":{"start":{"line":130,"column":4},"end":{"line":130,"column":21}},"47":{"start":{"line":131,"column":4},"end":{"line":131,"column":65}},"48":{"start":{"line":146,"column":0},"end":{"line":150,"column":2}},"49":{"start":{"line":149,"column":4},"end":{"line":149,"column":67}},"50":{"start":{"line":158,"column":0},"end":{"line":160,"column":2}},"51":{"start":{"line":159,"column":4},"end":{"line":159,"column":69}},"52":{"start":{"line":168,"column":0},"end":{"line":170,"column":2}},"53":{"start":{"line":169,"column":4},"end":{"line":169,"column":67}},"54":{"start":{"line":178,"column":0},"end":{"line":180,"column":2}},"55":{"start":{"line":179,"column":4},"end":{"line":179,"column":68}},"56":{"start":{"line":188,"column":0},"end":{"line":190,"column":2}},"57":{"start":{"line":189,"column":4},"end":{"line":189,"column":68}},"58":{"start":{"line":198,"column":0},"end":{"line":200,"column":2}},"59":{"start":{"line":199,"column":4},"end":{"line":199,"column":68}},"60":{"start":{"line":208,"column":0},"end":{"line":210,"column":2}},"61":{"start":{"line":209,"column":4},"end":{"line":209,"column":69}},"62":{"start":{"line":218,"column":0},"end":{"line":220,"column":2}},"63":{"start":{"line":219,"column":4},"end":{"line":219,"column":68}},"64":{"start":{"line":228,"column":0},"end":{"line":266,"column":2}},"65":{"start":{"line":230,"column":4},"end":{"line":265,"column":5}},"66":{"start":{"line":231,"column":8},"end":{"line":231,"column":25}},"67":{"start":{"line":232,"column":8},"end":{"line":232,"column":22}},"68":{"start":{"line":235,"column":9},"end":{"line":265,"column":5}},"69":{"start":{"line":236,"column":8},"end":{"line":236,"column":41}},"70":{"start":{"line":237,"column":11},"end":{"line":265,"column":5}},"71":{"start":{"line":238,"column":8},"end":{"line":238,"column":41}},"72":{"start":{"line":239,"column":11},"end":{"line":265,"column":5}},"73":{"start":{"line":240,"column":8},"end":{"line":240,"column":42}},"74":{"start":{"line":241,"column":11},"end":{"line":265,"column":5}},"75":{"start":{"line":242,"column":8},"end":{"line":242,"column":24}},"76":{"start":{"line":243,"column":8},"end":{"line":245,"column":9}},"77":{"start":{"line":244,"column":12},"end":{"line":244,"column":49}},"78":{"start":{"line":246,"column":8},"end":{"line":246,"column":22}},"79":{"start":{"line":247,"column":11},"end":{"line":265,"column":5}},"80":{"start":{"line":248,"column":8},"end":{"line":248,"column":32}},"81":{"start":{"line":249,"column":8},"end":{"line":249,"column":38}},"82":{"start":{"line":250,"column":8},"end":{"line":250,"column":22}},"83":{"start":{"line":251,"column":11},"end":{"line":265,"column":5}},"84":{"start":{"line":252,"column":8},"end":{"line":252,"column":24}},"85":{"start":{"line":253,"column":8},"end":{"line":257,"column":9}},"86":{"start":{"line":254,"column":12},"end":{"line":256,"column":13}},"87":{"start":{"line":255,"column":16},"end":{"line":255,"column":59}},"88":{"start":{"line":258,"column":8},"end":{"line":258,"column":22}},"89":{"start":{"line":259,"column":11},"end":{"line":265,"column":5}},"90":{"start":{"line":260,"column":8},"end":{"line":260,"column":23}},"91":{"start":{"line":261,"column":8},"end":{"line":261,"column":39}},"92":{"start":{"line":262,"column":8},"end":{"line":262,"column":42}},"93":{"start":{"line":263,"column":8},"end":{"line":263,"column":43}},"94":{"start":{"line":264,"column":8},"end":{"line":264,"column":45}},"95":{"start":{"line":274,"column":0},"end":{"line":290,"column":2}},"96":{"start":{"line":275,"column":4},"end":{"line":275,"column":20}},"97":{"start":{"line":276,"column":4},"end":{"line":276,"column":17}},"98":{"start":{"line":277,"column":4},"end":{"line":277,"column":12}},"99":{"start":{"line":278,"column":4},"end":{"line":289,"column":5}},"100":{"start":{"line":279,"column":8},"end":{"line":285,"column":9}},"101":{"start":{"line":280,"column":12},"end":{"line":280,"column":49}},"102":{"start":{"line":281,"column":12},"end":{"line":284,"column":13}},"103":{"start":{"line":282,"column":16},"end":{"line":282,"column":36}},"104":{"start":{"line":283,"column":16},"end":{"line":283,"column":32}},"105":{"start":{"line":286,"column":8},"end":{"line":286,"column":22}},"106":{"start":{"line":288,"column":8},"end":{"line":288,"column":41}},"107":{"start":{"line":298,"column":0},"end":{"line":305,"column":2}},"108":{"start":{"line":299,"column":4},"end":{"line":304,"column":5}},"109":{"start":{"line":300,"column":8},"end":{"line":302,"column":9}},"110":{"start":{"line":301,"column":12},"end":{"line":301,"column":26}},"111":{"start":{"line":303,"column":8},"end":{"line":303,"column":19}},"112":{"start":{"line":313,"column":0},"end":{"line":317,"column":2}},"113":{"start":{"line":314,"column":4},"end":{"line":314,"column":31}},"114":{"start":{"line":315,"column":4},"end":{"line":315,"column":43}},"115":{"start":{"line":316,"column":4},"end":{"line":316,"column":19}},"116":{"start":{"line":325,"column":0},"end":{"line":333,"column":2}},"117":{"start":{"line":326,"column":4},"end":{"line":326,"column":19}},"118":{"start":{"line":327,"column":4},"end":{"line":331,"column":5}},"119":{"start":{"line":328,"column":8},"end":{"line":330,"column":9}},"120":{"start":{"line":329,"column":12},"end":{"line":329,"column":21}},"121":{"start":{"line":332,"column":4},"end":{"line":332,"column":18}},"122":{"start":{"line":341,"column":0},"end":{"line":362,"column":2}},"123":{"start":{"line":342,"column":4},"end":{"line":361,"column":5}},"124":{"start":{"line":343,"column":8},"end":{"line":343,"column":32}},"125":{"start":{"line":344,"column":8},"end":{"line":346,"column":9}},"126":{"start":{"line":345,"column":12},"end":{"line":345,"column":23}},"127":{"start":{"line":347,"column":8},"end":{"line":347,"column":41}},"128":{"start":{"line":348,"column":8},"end":{"line":348,"column":40}},"129":{"start":{"line":349,"column":8},"end":{"line":349,"column":22}},"130":{"start":{"line":350,"column":8},"end":{"line":350,"column":23}},"131":{"start":{"line":351,"column":8},"end":{"line":357,"column":9}},"132":{"start":{"line":352,"column":12},"end":{"line":356,"column":13}},"133":{"start":{"line":353,"column":16},"end":{"line":353,"column":34}},"134":{"start":{"line":355,"column":16},"end":{"line":355,"column":35}},"135":{"start":{"line":358,"column":8},"end":{"line":358,"column":74}},"136":{"start":{"line":360,"column":8},"end":{"line":360,"column":35}},"137":{"start":{"line":375,"column":0},"end":{"line":388,"column":2}},"138":{"start":{"line":377,"column":4},"end":{"line":377,"column":34}},"139":{"start":{"line":378,"column":4},"end":{"line":387,"column":5}},"140":{"start":{"line":380,"column":8},"end":{"line":380,"column":29}},"141":{"start":{"line":383,"column":8},"end":{"line":386,"column":9}},"142":{"start":{"line":384,"column":12},"end":{"line":384,"column":24}},"143":{"start":{"line":385,"column":12},"end":{"line":385,"column":19}},"144":{"start":{"line":401,"column":0},"end":{"line":408,"column":2}},"145":{"start":{"line":402,"column":4},"end":{"line":402,"column":43}},"146":{"start":{"line":403,"column":4},"end":{"line":407,"column":5}},"147":{"start":{"line":404,"column":8},"end":{"line":404,"column":22}},"148":{"start":{"line":406,"column":8},"end":{"line":406,"column":39}},"149":{"start":{"line":416,"column":0},"end":{"line":423,"column":2}},"150":{"start":{"line":417,"column":4},"end":{"line":417,"column":43}},"151":{"start":{"line":418,"column":4},"end":{"line":422,"column":5}},"152":{"start":{"line":419,"column":8},"end":{"line":419,"column":22}},"153":{"start":{"line":421,"column":8},"end":{"line":421,"column":39}},"154":{"start":{"line":432,"column":0},"end":{"line":435,"column":2}},"155":{"start":{"line":433,"column":4},"end":{"line":433,"column":36}},"156":{"start":{"line":434,"column":4},"end":{"line":434,"column":55}},"157":{"start":{"line":448,"column":0},"end":{"line":455,"column":2}},"158":{"start":{"line":449,"column":4},"end":{"line":449,"column":75}},"159":{"start":{"line":450,"column":4},"end":{"line":454,"column":5}},"160":{"start":{"line":451,"column":8},"end":{"line":451,"column":20}},"161":{"start":{"line":453,"column":8},"end":{"line":453,"column":21}},"162":{"start":{"line":465,"column":0},"end":{"line":472,"column":2}},"163":{"start":{"line":466,"column":4},"end":{"line":466,"column":75}},"164":{"start":{"line":467,"column":4},"end":{"line":471,"column":5}},"165":{"start":{"line":468,"column":8},"end":{"line":468,"column":21}},"166":{"start":{"line":470,"column":8},"end":{"line":470,"column":20}},"167":{"start":{"line":482,"column":0},"end":{"line":489,"column":2}},"168":{"start":{"line":483,"column":4},"end":{"line":483,"column":108}},"169":{"start":{"line":484,"column":4},"end":{"line":488,"column":5}},"170":{"start":{"line":485,"column":8},"end":{"line":485,"column":20}},"171":{"start":{"line":487,"column":8},"end":{"line":487,"column":21}},"172":{"start":{"line":499,"column":0},"end":{"line":506,"column":2}},"173":{"start":{"line":500,"column":4},"end":{"line":500,"column":101}},"174":{"start":{"line":501,"column":4},"end":{"line":505,"column":5}},"175":{"start":{"line":502,"column":8},"end":{"line":502,"column":20}},"176":{"start":{"line":504,"column":8},"end":{"line":504,"column":21}},"177":{"start":{"line":516,"column":0},"end":{"line":523,"column":2}},"178":{"start":{"line":517,"column":4},"end":{"line":517,"column":89}},"179":{"start":{"line":518,"column":4},"end":{"line":522,"column":5}},"180":{"start":{"line":519,"column":8},"end":{"line":519,"column":20}},"181":{"start":{"line":521,"column":8},"end":{"line":521,"column":21}},"182":{"start":{"line":531,"column":0},"end":{"line":538,"column":2}},"183":{"start":{"line":532,"column":4},"end":{"line":532,"column":45}},"184":{"start":{"line":533,"column":4},"end":{"line":537,"column":5}},"185":{"start":{"line":534,"column":8},"end":{"line":534,"column":20}},"186":{"start":{"line":536,"column":8},"end":{"line":536,"column":21}},"187":{"start":{"line":546,"column":0},"end":{"line":553,"column":2}},"188":{"start":{"line":547,"column":4},"end":{"line":547,"column":94}},"189":{"start":{"line":548,"column":4},"end":{"line":552,"column":5}},"190":{"start":{"line":549,"column":8},"end":{"line":549,"column":20}},"191":{"start":{"line":551,"column":8},"end":{"line":551,"column":21}},"192":{"start":{"line":561,"column":0},"end":{"line":568,"column":2}},"193":{"start":{"line":562,"column":4},"end":{"line":562,"column":88}},"194":{"start":{"line":563,"column":4},"end":{"line":567,"column":5}},"195":{"start":{"line":564,"column":8},"end":{"line":564,"column":20}},"196":{"start":{"line":566,"column":8},"end":{"line":566,"column":21}},"197":{"start":{"line":576,"column":0},"end":{"line":583,"column":2}},"198":{"start":{"line":577,"column":4},"end":{"line":577,"column":63}},"199":{"start":{"line":578,"column":4},"end":{"line":582,"column":5}},"200":{"start":{"line":579,"column":8},"end":{"line":579,"column":20}},"201":{"start":{"line":581,"column":8},"end":{"line":581,"column":21}},"202":{"start":{"line":601,"column":0},"end":{"line":603,"column":2}},"203":{"start":{"line":602,"column":4},"end":{"line":602,"column":30}},"204":{"start":{"line":615,"column":0},"end":{"line":617,"column":2}},"205":{"start":{"line":616,"column":4},"end":{"line":616,"column":30}},"206":{"start":{"line":630,"column":0},"end":{"line":632,"column":2}},"207":{"start":{"line":631,"column":4},"end":{"line":631,"column":31}},"208":{"start":{"line":639,"column":0},"end":{"line":661,"column":1}},"209":{"start":{"line":640,"column":4},"end":{"line":640,"column":34}},"210":{"start":{"line":641,"column":4},"end":{"line":641,"column":38}},"211":{"start":{"line":642,"column":4},"end":{"line":642,"column":36}},"212":{"start":{"line":643,"column":4},"end":{"line":643,"column":36}},"213":{"start":{"line":644,"column":4},"end":{"line":644,"column":31}},"214":{"start":{"line":645,"column":4},"end":{"line":645,"column":37}},"215":{"start":{"line":646,"column":4},"end":{"line":649,"column":5}},"216":{"start":{"line":647,"column":8},"end":{"line":647,"column":36}},"217":{"start":{"line":648,"column":8},"end":{"line":648,"column":69}},"218":{"start":{"line":650,"column":4},"end":{"line":650,"column":67}},"219":{"start":{"line":651,"column":4},"end":{"line":651,"column":23}},"220":{"start":{"line":652,"column":4},"end":{"line":660,"column":5}},"221":{"start":{"line":653,"column":8},"end":{"line":659,"column":10}},"222":{"start":{"line":654,"column":12},"end":{"line":658,"column":13}},"223":{"start":{"line":655,"column":16},"end":{"line":655,"column":51}},"224":{"start":{"line":656,"column":19},"end":{"line":658,"column":13}},"225":{"start":{"line":657,"column":16},"end":{"line":657,"column":31}},"226":{"start":{"line":666,"column":0},"end":{"line":672,"column":1}},"227":{"start":{"line":667,"column":4},"end":{"line":671,"column":5}},"228":{"start":{"line":668,"column":8},"end":{"line":668,"column":36}},"229":{"start":{"line":670,"column":8},"end":{"line":670,"column":54}}},"branchMap":{"1":{"line":11,"type":"binary-expr","locations":[{"start":{"line":11,"column":11},"end":{"line":11,"column":34}},{"start":{"line":11,"column":38},"end":{"line":11,"column":56}},{"start":{"line":11,"column":60},"end":{"line":11,"column":64}},{"start":{"line":12,"column":4},"end":{"line":12,"column":29}},{"start":{"line":12,"column":33},"end":{"line":12,"column":57}},{"start":{"line":12,"column":61},"end":{"line":12,"column":67}},{"start":{"line":13,"column":4},"end":{"line":13,"column":8}}]},"2":{"line":17,"type":"if","locations":[{"start":{"line":17,"column":4},"end":{"line":17,"column":4}},{"start":{"line":17,"column":4},"end":{"line":17,"column":4}}]},"3":{"line":20,"type":"if","locations":[{"start":{"line":20,"column":4},"end":{"line":20,"column":4}},{"start":{"line":20,"column":4},"end":{"line":20,"column":4}}]},"4":{"line":29,"type":"if","locations":[{"start":{"line":29,"column":0},"end":{"line":29,"column":0}},{"start":{"line":29,"column":0},"end":{"line":29,"column":0}}]},"5":{"line":29,"type":"binary-expr","locations":[{"start":{"line":29,"column":4},"end":{"line":29,"column":33}},{"start":{"line":29,"column":37},"end":{"line":29,"column":54}}]},"6":{"line":30,"type":"if","locations":[{"start":{"line":30,"column":4},"end":{"line":30,"column":4}},{"start":{"line":30,"column":4},"end":{"line":30,"column":4}}]},"7":{"line":30,"type":"binary-expr","locations":[{"start":{"line":30,"column":8},"end":{"line":30,"column":36}},{"start":{"line":30,"column":40},"end":{"line":30,"column":56}},{"start":{"line":30,"column":60},"end":{"line":30,"column":74}}]},"8":{"line":39,"type":"if","locations":[{"start":{"line":39,"column":0},"end":{"line":39,"column":0}},{"start":{"line":39,"column":0},"end":{"line":39,"column":0}}]},"9":{"line":39,"type":"binary-expr","locations":[{"start":{"line":39,"column":4},"end":{"line":39,"column":31}},{"start":{"line":39,"column":35},"end":{"line":39,"column":45}}]},"10":{"line":62,"type":"if","locations":[{"start":{"line":62,"column":4},"end":{"line":62,"column":4}},{"start":{"line":62,"column":4},"end":{"line":62,"column":4}}]},"11":{"line":78,"type":"if","locations":[{"start":{"line":78,"column":4},"end":{"line":78,"column":4}},{"start":{"line":78,"column":4},"end":{"line":78,"column":4}}]},"12":{"line":82,"type":"if","locations":[{"start":{"line":82,"column":4},"end":{"line":82,"column":4}},{"start":{"line":82,"column":4},"end":{"line":82,"column":4}}]},"13":{"line":96,"type":"if","locations":[{"start":{"line":96,"column":4},"end":{"line":96,"column":4}},{"start":{"line":96,"column":4},"end":{"line":96,"column":4}}]},"14":{"line":118,"type":"if","locations":[{"start":{"line":118,"column":4},"end":{"line":118,"column":4}},{"start":{"line":118,"column":4},"end":{"line":118,"column":4}}]},"15":{"line":120,"type":"if","locations":[{"start":{"line":120,"column":12},"end":{"line":120,"column":12}},{"start":{"line":120,"column":12},"end":{"line":120,"column":12}}]},"16":{"line":120,"type":"binary-expr","locations":[{"start":{"line":120,"column":16},"end":{"line":120,"column":46}},{"start":{"line":120,"column":50},"end":{"line":120,"column":82}}]},"17":{"line":230,"type":"if","locations":[{"start":{"line":230,"column":4},"end":{"line":230,"column":4}},{"start":{"line":230,"column":4},"end":{"line":230,"column":4}}]},"18":{"line":230,"type":"binary-expr","locations":[{"start":{"line":230,"column":8},"end":{"line":230,"column":19}},{"start":{"line":230,"column":24},"end":{"line":230,"column":46}}]},"19":{"line":235,"type":"if","locations":[{"start":{"line":235,"column":9},"end":{"line":235,"column":9}},{"start":{"line":235,"column":9},"end":{"line":235,"column":9}}]},"20":{"line":235,"type":"binary-expr","locations":[{"start":{"line":235,"column":13},"end":{"line":235,"column":31}},{"start":{"line":235,"column":35},"end":{"line":235,"column":57}}]},"21":{"line":237,"type":"if","locations":[{"start":{"line":237,"column":11},"end":{"line":237,"column":11}},{"start":{"line":237,"column":11},"end":{"line":237,"column":11}}]},"22":{"line":237,"type":"binary-expr","locations":[{"start":{"line":237,"column":15},"end":{"line":237,"column":33}},{"start":{"line":237,"column":37},"end":{"line":237,"column":59}}]},"23":{"line":239,"type":"if","locations":[{"start":{"line":239,"column":11},"end":{"line":239,"column":11}},{"start":{"line":239,"column":11},"end":{"line":239,"column":11}}]},"24":{"line":239,"type":"binary-expr","locations":[{"start":{"line":239,"column":15},"end":{"line":239,"column":34}},{"start":{"line":239,"column":38},"end":{"line":239,"column":60}}]},"25":{"line":241,"type":"if","locations":[{"start":{"line":241,"column":11},"end":{"line":241,"column":11}},{"start":{"line":241,"column":11},"end":{"line":241,"column":11}}]},"26":{"line":247,"type":"if","locations":[{"start":{"line":247,"column":11},"end":{"line":247,"column":11}},{"start":{"line":247,"column":11},"end":{"line":247,"column":11}}]},"27":{"line":251,"type":"if","locations":[{"start":{"line":251,"column":11},"end":{"line":251,"column":11}},{"start":{"line":251,"column":11},"end":{"line":251,"column":11}}]},"28":{"line":254,"type":"if","locations":[{"start":{"line":254,"column":12},"end":{"line":254,"column":12}},{"start":{"line":254,"column":12},"end":{"line":254,"column":12}}]},"29":{"line":259,"type":"if","locations":[{"start":{"line":259,"column":11},"end":{"line":259,"column":11}},{"start":{"line":259,"column":11},"end":{"line":259,"column":11}}]},"30":{"line":261,"type":"cond-expr","locations":[{"start":{"line":261,"column":30},"end":{"line":261,"column":33}},{"start":{"line":261,"column":36},"end":{"line":261,"column":38}}]},"31":{"line":262,"type":"cond-expr","locations":[{"start":{"line":262,"column":33},"end":{"line":262,"column":36}},{"start":{"line":262,"column":39},"end":{"line":262,"column":41}}]},"32":{"line":263,"type":"cond-expr","locations":[{"start":{"line":263,"column":34},"end":{"line":263,"column":37}},{"start":{"line":263,"column":40},"end":{"line":263,"column":42}}]},"33":{"line":278,"type":"if","locations":[{"start":{"line":278,"column":4},"end":{"line":278,"column":4}},{"start":{"line":278,"column":4},"end":{"line":278,"column":4}}]},"34":{"line":281,"type":"if","locations":[{"start":{"line":281,"column":12},"end":{"line":281,"column":12}},{"start":{"line":281,"column":12},"end":{"line":281,"column":12}}]},"35":{"line":299,"type":"if","locations":[{"start":{"line":299,"column":4},"end":{"line":299,"column":4}},{"start":{"line":299,"column":4},"end":{"line":299,"column":4}}]},"36":{"line":328,"type":"if","locations":[{"start":{"line":328,"column":8},"end":{"line":328,"column":8}},{"start":{"line":328,"column":8},"end":{"line":328,"column":8}}]},"37":{"line":342,"type":"if","locations":[{"start":{"line":342,"column":4},"end":{"line":342,"column":4}},{"start":{"line":342,"column":4},"end":{"line":342,"column":4}}]},"38":{"line":344,"type":"if","locations":[{"start":{"line":344,"column":8},"end":{"line":344,"column":8}},{"start":{"line":344,"column":8},"end":{"line":344,"column":8}}]},"39":{"line":352,"type":"if","locations":[{"start":{"line":352,"column":12},"end":{"line":352,"column":12}},{"start":{"line":352,"column":12},"end":{"line":352,"column":12}}]},"40":{"line":378,"type":"if","locations":[{"start":{"line":378,"column":4},"end":{"line":378,"column":4}},{"start":{"line":378,"column":4},"end":{"line":378,"column":4}}]},"41":{"line":403,"type":"if","locations":[{"start":{"line":403,"column":4},"end":{"line":403,"column":4}},{"start":{"line":403,"column":4},"end":{"line":403,"column":4}}]},"42":{"line":418,"type":"if","locations":[{"start":{"line":418,"column":4},"end":{"line":418,"column":4}},{"start":{"line":418,"column":4},"end":{"line":418,"column":4}}]},"43":{"line":450,"type":"if","locations":[{"start":{"line":450,"column":4},"end":{"line":450,"column":4}},{"start":{"line":450,"column":4},"end":{"line":450,"column":4}}]},"44":{"line":467,"type":"if","locations":[{"start":{"line":467,"column":4},"end":{"line":467,"column":4}},{"start":{"line":467,"column":4},"end":{"line":467,"column":4}}]},"45":{"line":484,"type":"if","locations":[{"start":{"line":484,"column":4},"end":{"line":484,"column":4}},{"start":{"line":484,"column":4},"end":{"line":484,"column":4}}]},"46":{"line":501,"type":"if","locations":[{"start":{"line":501,"column":4},"end":{"line":501,"column":4}},{"start":{"line":501,"column":4},"end":{"line":501,"column":4}}]},"47":{"line":518,"type":"if","locations":[{"start":{"line":518,"column":4},"end":{"line":518,"column":4}},{"start":{"line":518,"column":4},"end":{"line":518,"column":4}}]},"48":{"line":533,"type":"if","locations":[{"start":{"line":533,"column":4},"end":{"line":533,"column":4}},{"start":{"line":533,"column":4},"end":{"line":533,"column":4}}]},"49":{"line":548,"type":"if","locations":[{"start":{"line":548,"column":4},"end":{"line":548,"column":4}},{"start":{"line":548,"column":4},"end":{"line":548,"column":4}}]},"50":{"line":563,"type":"if","locations":[{"start":{"line":563,"column":4},"end":{"line":563,"column":4}},{"start":{"line":563,"column":4},"end":{"line":563,"column":4}}]},"51":{"line":578,"type":"if","locations":[{"start":{"line":578,"column":4},"end":{"line":578,"column":4}},{"start":{"line":578,"column":4},"end":{"line":578,"column":4}}]},"52":{"line":640,"type":"binary-expr","locations":[{"start":{"line":640,"column":15},"end":{"line":640,"column":27}},{"start":{"line":640,"column":31},"end":{"line":640,"column":33}}]},"53":{"line":641,"type":"binary-expr","locations":[{"start":{"line":641,"column":16},"end":{"line":641,"column":29}},{"start":{"line":641,"column":33},"end":{"line":641,"column":37}}]},"54":{"line":646,"type":"if","locations":[{"start":{"line":646,"column":4},"end":{"line":646,"column":4}},{"start":{"line":646,"column":4},"end":{"line":646,"column":4}}]},"55":{"line":652,"type":"if","locations":[{"start":{"line":652,"column":4},"end":{"line":652,"column":4}},{"start":{"line":652,"column":4},"end":{"line":652,"column":4}}]},"56":{"line":654,"type":"if","locations":[{"start":{"line":654,"column":12},"end":{"line":654,"column":12}},{"start":{"line":654,"column":12},"end":{"line":654,"column":12}}]},"57":{"line":654,"type":"binary-expr","locations":[{"start":{"line":654,"column":16},"end":{"line":654,"column":40}},{"start":{"line":654,"column":45},"end":{"line":654,"column":67}}]},"58":{"line":656,"type":"if","locations":[{"start":{"line":656,"column":19},"end":{"line":656,"column":19}},{"start":{"line":656,"column":19},"end":{"line":656,"column":19}}]},"59":{"line":656,"type":"binary-expr","locations":[{"start":{"line":656,"column":23},"end":{"line":656,"column":45}},{"start":{"line":656,"column":49},"end":{"line":656,"column":71}},{"start":{"line":656,"column":75},"end":{"line":656,"column":97}}]},"60":{"line":667,"type":"if","locations":[{"start":{"line":667,"column":4},"end":{"line":667,"column":4}},{"start":{"line":667,"column":4},"end":{"line":667,"column":4}}]}}}}